2026-02-23 10:03:07,253 - SAEB-Flow - INFO -  CPU Turbo Enabled: 16 threads utilized.
2026-02-23 10:03:07,282 - SAEB-Flow - INFO -    >>> Running 1UYD with configuration: SAEB-Flow
2026-02-23 10:03:07,283 - SAEB-Flow - INFO - Embedding Module: esm_embeddings.pt missing. Dynamic embedding mode enabled.
2026-02-23 10:03:07,286 - SAEB-Flow - INFO - Starting SAEB-Flow Production Run on 1UYD_SAEB-Flow...
2026-02-23 10:03:07,359 - SAEB-Flow - INFO -     [Data] Found dominant ligand PU8 with 28 atoms.
2026-02-23 10:03:07,413 - SAEB-Flow - INFO -     Successfully extracted ligand template (PU8).
2026-02-23 10:03:07,429 - SAEB-Flow - WARNING -     Inference/Blind Mode: Searching for Pocket via Protein Center (No Leakage)...
2026-02-23 10:03:07,597 - SAEB-Flow - INFO -    FiberBundle: 4 rotatable bonds, 28 atoms.
2026-02-23 10:03:07,599 - SAEB-Flow - INFO -    [Redocking] Pocket-Aware Mode active. Centering on ground truth.
2026-02-23 10:03:07,684 - SAEB-Flow - INFO -    [Multiverse] Applying Random 3D Rotations to clones to explore orientation space.
2026-02-23 10:03:07,686 - SAEBFlow - INFO - Loading ESM-2 Model (esm2_t33_650M_UR50D, fp32=False)...
2026-02-23 10:03:21,337 - SAEB-Flow - INFO -     Inference Mode: Freezing Model Weights & Enabling ProSeCo.
2026-02-23 10:03:30,631 - SAEB-Flow - INFO -     Keeping Perception Models on device for stability.
2026-02-23 10:03:30,890 - SAEB-Flow - INFO -    Running 100 steps of Optimization...
2026-02-23 10:03:31,088 - SAEB-Flow - INFO -     Cropped to 636 atoms with SPE Caching.
2026-02-23 10:03:32,629 - SAEB-Flow - INFO -     [Dynamics Audit] CosSim: -0.257 | TargetNorm: 20.000
2026-02-23 10:03:32,630 - SAEB-Flow - INFO -    Step 000 | E: 1079076.00 | Alpha: 5.000 | ETA: 0.0m
2026-02-23 10:03:32,723 - SAEB-Flow - INFO -    Step 0: Loss=521.84, E_min=21866.15, Alpha=5.000
2026-02-23 10:04:02,398 - SAEB-Flow - INFO -     Cropped to 766 atoms with SPE Caching.
2026-02-23 10:04:03,050 - SAEB-Flow - INFO -     [ERL Rollout] Consolidating Physics & Biological Magnets (M=19.55)
2026-02-23 10:04:03,051 - SAEB-Flow - INFO -     [Resurrection] Convergence detected at Step 50 (E=71070.69). Triggering Thermal Shock!
2026-02-23 10:04:03,052 - SAEB-Flow - INFO -    Step 050 | E: 3562826.50 | Alpha: 1.177 | ETA: 0.9m
2026-02-23 10:04:34,304 - SAEB-Flow - INFO -     [PyMOL] Generating 3D overlay script: view_1UYD_SAEB-Flow.pml
2026-02-23 10:04:35,096 - SAEB-Flow - INFO -      [PoseBusters Audit] Atomic Clashes (<0.8A): 0, Bond Violations: 28
2026-02-23 10:04:35,991 - SAEB-Flow - INFO -  Optimization Finished. Best RMSD: 5.77 A, Pot: 12547317.00, Int-RMSD: 9.51, Steps@-7: 100
2026-02-23 10:04:35,992 - SAEB-Flow - INFO -    Initiating L-BFGS Gradient Refinement (Steps: 500)...
2026-02-23 10:04:45,986 - SAEB-Flow - INFO -    [L-BFGS] Convergence Reached. Final System Energy: 503.93
2026-02-23 10:04:45,988 - SAEB-Flow - INFO - [Experiment Final Result] MCMC Refined RMSD: 5.86 A, Energy: 503.93
2026-02-23 10:04:48,903 - SAEB-Flow - ERROR -  [Visualization] Pose Overlay alignment failed: No sub-structure match found between the probe and query mol
2026-02-23 10:04:49,628 - SAEB-Flow - INFO -    [Visualization] Flow Field regenerated as PCA projection: flow_1UYD_SAEB-Flow_Muon.pdf
