2026-02-22 19:10:12,366 - MaxFlowv75 - INFO -  CPU Turbo Enabled: 16 threads utilized.
2026-02-22 19:10:12,377 - MaxFlowv75 - INFO -    >>> Running 1UYD with configuration: MaxFlow-v97.1
2026-02-22 19:10:12,378 - MaxFlowv75 - INFO -  [MaxFlow] Embedding Module: esm_embeddings.pt missing. Dynamic embedding mode enabled.
2026-02-22 19:10:12,403 - MaxFlowv75 - INFO - Starting Experiment v97.3 (Hyper-Hardened) on 1UYD_MaxFlow-v97.1...
2026-02-22 19:10:12,404 - MaxFlowv75 - INFO -  [v46.0] 1UYD NOT FOUND locally. Attempting RCSB download...
2026-02-22 19:10:13,219 - MaxFlowv75 - INFO -     [Data] Found dominant ligand PU8 with 28 atoms.
2026-02-22 19:10:13,339 - MaxFlowv75 - INFO -     [v97.5] Successfully extracted ligand template (PU8).
2026-02-22 19:10:13,374 - MaxFlowv75 - WARNING -     [v87.1] Inference/Blind Mode: Searching for Pocket via Protein Center (No Leakage)...
2026-02-22 19:10:13,509 - MaxFlowv75 - INFO -    [SAEB-Flow] FiberBundle: 4 rotatable bonds, 28 atoms.
2026-02-22 19:10:13,607 - MaxFlowv75 - INFO - [PLaTITO] Zenith: Loading ESM-2 Model (esm2_t33_650M_UR50D, fp32=False)...
2026-02-22 19:10:46,274 - MaxFlowv75 - INFO -     [v85.3 VRAM Hub] Keeping Perception Models on device for stability.
2026-02-22 19:10:46,588 - MaxFlowv75 - INFO -    Running 200 steps of Optimization...
2026-02-22 19:10:46,614 - MaxFlowv75 - INFO -     [v85.0 Performance] Cropped to 682 atoms with SPE Caching.
2026-02-22 19:10:48,547 - MaxFlowv75 - INFO -     [Dynamics Audit] CosSim: -0.189 | TargetNorm: 1.211
2026-02-22 19:10:48,548 - MaxFlowv75 - INFO -    Step 000 | E: 186.75 | Alpha: 5.000 | ETA: 0.0m
2026-02-22 19:10:48,803 - MaxFlowv75 - INFO -    Step 0: Loss=11926.74, E_min=159.06, Alpha=5.000
2026-02-22 19:10:57,116 - MaxFlowv75 - ERROR -  [SAEB-Flow] Energy-guided interpolation failed: element 0 of tensors does not require grad and does not have a grad_fn. Falling back to linear.
2026-02-22 19:10:58,009 - MaxFlowv75 - ERROR -  [SAEB-Flow] Energy-guided interpolation failed: element 0 of tensors does not require grad and does not have a grad_fn. Falling back to linear.
2026-02-22 19:10:58,772 - MaxFlowv75 - ERROR -  [SAEB-Flow] Energy-guided interpolation failed: element 0 of tensors does not require grad and does not have a grad_fn. Falling back to linear.
2026-02-22 19:10:59,598 - MaxFlowv75 - ERROR -  [SAEB-Flow] Energy-guided interpolation failed: element 0 of tensors does not require grad and does not have a grad_fn. Falling back to linear.
2026-02-22 19:11:00,382 - MaxFlowv75 - ERROR -  [SAEB-Flow] Energy-guided interpolation failed: element 0 of tensors does not require grad and does not have a grad_fn. Falling back to linear.
2026-02-22 19:11:01,242 - MaxFlowv75 - ERROR -  [SAEB-Flow] Energy-guided interpolation failed: element 0 of tensors does not require grad and does not have a grad_fn. Falling back to linear.
2026-02-22 19:11:02,040 - MaxFlowv75 - ERROR -  [SAEB-Flow] Energy-guided interpolation failed: element 0 of tensors does not require grad and does not have a grad_fn. Falling back to linear.
2026-02-22 19:11:02,759 - MaxFlowv75 - ERROR -  [SAEB-Flow] Energy-guided interpolation failed: element 0 of tensors does not require grad and does not have a grad_fn. Falling back to linear.
2026-02-22 19:11:03,515 - MaxFlowv75 - ERROR -  [SAEB-Flow] Energy-guided interpolation failed: element 0 of tensors does not require grad and does not have a grad_fn. Falling back to linear.
2026-02-22 19:11:04,369 - MaxFlowv75 - ERROR -  [SAEB-Flow] Energy-guided interpolation failed: element 0 of tensors does not require grad and does not have a grad_fn. Falling back to linear.
2026-02-22 19:11:05,230 - MaxFlowv75 - ERROR -  [SAEB-Flow] Energy-guided interpolation failed: element 0 of tensors does not require grad and does not have a grad_fn. Falling back to linear.
2026-02-22 19:11:06,050 - MaxFlowv75 - ERROR -  [SAEB-Flow] Energy-guided interpolation failed: element 0 of tensors does not require grad and does not have a grad_fn. Falling back to linear.
2026-02-22 19:11:06,888 - MaxFlowv75 - ERROR -  [SAEB-Flow] Energy-guided interpolation failed: element 0 of tensors does not require grad and does not have a grad_fn. Falling back to linear.
2026-02-22 19:11:07,723 - MaxFlowv75 - ERROR -  [SAEB-Flow] Energy-guided interpolation failed: element 0 of tensors does not require grad and does not have a grad_fn. Falling back to linear.
2026-02-22 19:11:08,482 - MaxFlowv75 - ERROR -  [SAEB-Flow] Energy-guided interpolation failed: element 0 of tensors does not require grad and does not have a grad_fn. Falling back to linear.
2026-02-22 19:11:09,328 - MaxFlowv75 - ERROR -  [SAEB-Flow] Energy-guided interpolation failed: element 0 of tensors does not require grad and does not have a grad_fn. Falling back to linear.
2026-02-22 19:11:10,150 - MaxFlowv75 - ERROR -  [SAEB-Flow] Energy-guided interpolation failed: element 0 of tensors does not require grad and does not have a grad_fn. Falling back to linear.
2026-02-22 19:11:10,995 - MaxFlowv75 - ERROR -  [SAEB-Flow] Energy-guided interpolation failed: element 0 of tensors does not require grad and does not have a grad_fn. Falling back to linear.
2026-02-22 19:11:11,731 - MaxFlowv75 - ERROR -  [SAEB-Flow] Energy-guided interpolation failed: element 0 of tensors does not require grad and does not have a grad_fn. Falling back to linear.
2026-02-22 19:11:12,511 - MaxFlowv75 - ERROR -  [SAEB-Flow] Energy-guided interpolation failed: element 0 of tensors does not require grad and does not have a grad_fn. Falling back to linear.
2026-02-22 19:11:13,293 - MaxFlowv75 - ERROR -  [SAEB-Flow] Energy-guided interpolation failed: element 0 of tensors does not require grad and does not have a grad_fn. Falling back to linear.
2026-02-22 19:11:14,139 - MaxFlowv75 - ERROR -  [SAEB-Flow] Energy-guided interpolation failed: element 0 of tensors does not require grad and does not have a grad_fn. Falling back to linear.
2026-02-22 19:11:14,929 - MaxFlowv75 - ERROR -  [SAEB-Flow] Energy-guided interpolation failed: element 0 of tensors does not require grad and does not have a grad_fn. Falling back to linear.
2026-02-22 19:11:15,749 - MaxFlowv75 - ERROR -  [SAEB-Flow] Energy-guided interpolation failed: element 0 of tensors does not require grad and does not have a grad_fn. Falling back to linear.
2026-02-22 19:11:16,526 - MaxFlowv75 - ERROR -  [SAEB-Flow] Energy-guided interpolation failed: element 0 of tensors does not require grad and does not have a grad_fn. Falling back to linear.
2026-02-22 19:11:17,381 - MaxFlowv75 - ERROR -  [SAEB-Flow] Energy-guided interpolation failed: element 0 of tensors does not require grad and does not have a grad_fn. Falling back to linear.
2026-02-22 19:11:18,124 - MaxFlowv75 - ERROR -  [SAEB-Flow] Energy-guided interpolation failed: element 0 of tensors does not require grad and does not have a grad_fn. Falling back to linear.
2026-02-22 19:11:18,962 - MaxFlowv75 - ERROR -  [SAEB-Flow] Energy-guided interpolation failed: element 0 of tensors does not require grad and does not have a grad_fn. Falling back to linear.
2026-02-22 19:11:19,807 - MaxFlowv75 - ERROR -  [SAEB-Flow] Energy-guided interpolation failed: element 0 of tensors does not require grad and does not have a grad_fn. Falling back to linear.
2026-02-22 19:11:20,703 - MaxFlowv75 - ERROR -  [SAEB-Flow] Energy-guided interpolation failed: element 0 of tensors does not require grad and does not have a grad_fn. Falling back to linear.
2026-02-22 19:11:21,786 - MaxFlowv75 - ERROR -  [SAEB-Flow] Energy-guided interpolation failed: element 0 of tensors does not require grad and does not have a grad_fn. Falling back to linear.
2026-02-22 19:11:22,754 - MaxFlowv75 - ERROR -  [SAEB-Flow] Energy-guided interpolation failed: element 0 of tensors does not require grad and does not have a grad_fn. Falling back to linear.
2026-02-22 19:11:23,652 - MaxFlowv75 - ERROR -  [SAEB-Flow] Energy-guided interpolation failed: element 0 of tensors does not require grad and does not have a grad_fn. Falling back to linear.
2026-02-22 19:11:24,495 - MaxFlowv75 - ERROR -  [SAEB-Flow] Energy-guided interpolation failed: element 0 of tensors does not require grad and does not have a grad_fn. Falling back to linear.
2026-02-22 19:11:25,304 - MaxFlowv75 - ERROR -  [SAEB-Flow] Energy-guided interpolation failed: element 0 of tensors does not require grad and does not have a grad_fn. Falling back to linear.
2026-02-22 19:11:26,050 - MaxFlowv75 - ERROR -  [SAEB-Flow] Energy-guided interpolation failed: element 0 of tensors does not require grad and does not have a grad_fn. Falling back to linear.
2026-02-22 19:11:26,795 - MaxFlowv75 - ERROR -  [SAEB-Flow] Energy-guided interpolation failed: element 0 of tensors does not require grad and does not have a grad_fn. Falling back to linear.
2026-02-22 19:11:27,646 - MaxFlowv75 - ERROR -  [SAEB-Flow] Energy-guided interpolation failed: element 0 of tensors does not require grad and does not have a grad_fn. Falling back to linear.
2026-02-22 19:11:28,529 - MaxFlowv75 - ERROR -  [SAEB-Flow] Energy-guided interpolation failed: element 0 of tensors does not require grad and does not have a grad_fn. Falling back to linear.
2026-02-22 19:11:28,935 - MaxFlowv75 - INFO -     [v85.0 Performance] Cropped to 769 atoms with SPE Caching.
2026-02-22 19:11:29,357 - MaxFlowv75 - ERROR -  [SAEB-Flow] Energy-guided interpolation failed: element 0 of tensors does not require grad and does not have a grad_fn. Falling back to linear.
2026-02-22 19:11:29,638 - MaxFlowv75 - INFO -     [ERL Rollout] Consolidating Physics & Biological Magnets (M=25.48)
2026-02-22 19:11:29,639 - MaxFlowv75 - INFO -    Step 050 | E: 214.77 | Alpha: 2.000 | ETA: 3.8m
2026-02-22 19:11:30,351 - MaxFlowv75 - ERROR -  [SAEB-Flow] Energy-guided interpolation failed: element 0 of tensors does not require grad and does not have a grad_fn. Falling back to linear.
2026-02-22 19:11:31,213 - MaxFlowv75 - ERROR -  [SAEB-Flow] Energy-guided interpolation failed: element 0 of tensors does not require grad and does not have a grad_fn. Falling back to linear.
2026-02-22 19:11:31,967 - MaxFlowv75 - ERROR -  [SAEB-Flow] Energy-guided interpolation failed: element 0 of tensors does not require grad and does not have a grad_fn. Falling back to linear.
2026-02-22 19:11:32,774 - MaxFlowv75 - ERROR -  [SAEB-Flow] Energy-guided interpolation failed: element 0 of tensors does not require grad and does not have a grad_fn. Falling back to linear.
2026-02-22 19:11:33,641 - MaxFlowv75 - ERROR -  [SAEB-Flow] Energy-guided interpolation failed: element 0 of tensors does not require grad and does not have a grad_fn. Falling back to linear.
2026-02-22 19:11:34,536 - MaxFlowv75 - ERROR -  [SAEB-Flow] Energy-guided interpolation failed: element 0 of tensors does not require grad and does not have a grad_fn. Falling back to linear.
2026-02-22 19:11:35,353 - MaxFlowv75 - ERROR -  [SAEB-Flow] Energy-guided interpolation failed: element 0 of tensors does not require grad and does not have a grad_fn. Falling back to linear.
2026-02-22 19:11:36,142 - MaxFlowv75 - ERROR -  [SAEB-Flow] Energy-guided interpolation failed: element 0 of tensors does not require grad and does not have a grad_fn. Falling back to linear.
2026-02-22 19:11:37,045 - MaxFlowv75 - ERROR -  [SAEB-Flow] Energy-guided interpolation failed: element 0 of tensors does not require grad and does not have a grad_fn. Falling back to linear.
2026-02-22 19:11:37,805 - MaxFlowv75 - ERROR -  [SAEB-Flow] Energy-guided interpolation failed: element 0 of tensors does not require grad and does not have a grad_fn. Falling back to linear.
2026-02-22 19:11:38,563 - MaxFlowv75 - ERROR -  [SAEB-Flow] Energy-guided interpolation failed: element 0 of tensors does not require grad and does not have a grad_fn. Falling back to linear.
2026-02-22 19:11:39,345 - MaxFlowv75 - ERROR -  [SAEB-Flow] Energy-guided interpolation failed: element 0 of tensors does not require grad and does not have a grad_fn. Falling back to linear.
2026-02-22 19:11:40,153 - MaxFlowv75 - ERROR -  [SAEB-Flow] Energy-guided interpolation failed: element 0 of tensors does not require grad and does not have a grad_fn. Falling back to linear.
2026-02-22 19:11:40,952 - MaxFlowv75 - ERROR -  [SAEB-Flow] Energy-guided interpolation failed: element 0 of tensors does not require grad and does not have a grad_fn. Falling back to linear.
2026-02-22 19:11:41,811 - MaxFlowv75 - ERROR -  [SAEB-Flow] Energy-guided interpolation failed: element 0 of tensors does not require grad and does not have a grad_fn. Falling back to linear.
2026-02-22 19:11:42,595 - MaxFlowv75 - ERROR -  [SAEB-Flow] Energy-guided interpolation failed: element 0 of tensors does not require grad and does not have a grad_fn. Falling back to linear.
2026-02-22 19:11:43,404 - MaxFlowv75 - ERROR -  [SAEB-Flow] Energy-guided interpolation failed: element 0 of tensors does not require grad and does not have a grad_fn. Falling back to linear.
2026-02-22 19:11:44,251 - MaxFlowv75 - ERROR -  [SAEB-Flow] Energy-guided interpolation failed: element 0 of tensors does not require grad and does not have a grad_fn. Falling back to linear.
2026-02-22 19:11:45,095 - MaxFlowv75 - ERROR -  [SAEB-Flow] Energy-guided interpolation failed: element 0 of tensors does not require grad and does not have a grad_fn. Falling back to linear.
2026-02-22 19:11:45,915 - MaxFlowv75 - ERROR -  [SAEB-Flow] Energy-guided interpolation failed: element 0 of tensors does not require grad and does not have a grad_fn. Falling back to linear.
2026-02-22 19:11:46,672 - MaxFlowv75 - ERROR -  [SAEB-Flow] Energy-guided interpolation failed: element 0 of tensors does not require grad and does not have a grad_fn. Falling back to linear.
2026-02-22 19:11:47,456 - MaxFlowv75 - ERROR -  [SAEB-Flow] Energy-guided interpolation failed: element 0 of tensors does not require grad and does not have a grad_fn. Falling back to linear.
2026-02-22 19:11:48,345 - MaxFlowv75 - ERROR -  [SAEB-Flow] Energy-guided interpolation failed: element 0 of tensors does not require grad and does not have a grad_fn. Falling back to linear.
2026-02-22 19:11:49,161 - MaxFlowv75 - ERROR -  [SAEB-Flow] Energy-guided interpolation failed: element 0 of tensors does not require grad and does not have a grad_fn. Falling back to linear.
2026-02-22 19:11:49,946 - MaxFlowv75 - ERROR -  [SAEB-Flow] Energy-guided interpolation failed: element 0 of tensors does not require grad and does not have a grad_fn. Falling back to linear.
2026-02-22 19:11:50,805 - MaxFlowv75 - ERROR -  [SAEB-Flow] Energy-guided interpolation failed: element 0 of tensors does not require grad and does not have a grad_fn. Falling back to linear.
2026-02-22 19:11:51,649 - MaxFlowv75 - ERROR -  [SAEB-Flow] Energy-guided interpolation failed: element 0 of tensors does not require grad and does not have a grad_fn. Falling back to linear.
2026-02-22 19:11:52,445 - MaxFlowv75 - ERROR -  [SAEB-Flow] Energy-guided interpolation failed: element 0 of tensors does not require grad and does not have a grad_fn. Falling back to linear.
2026-02-22 19:11:53,181 - MaxFlowv75 - ERROR -  [SAEB-Flow] Energy-guided interpolation failed: element 0 of tensors does not require grad and does not have a grad_fn. Falling back to linear.
2026-02-22 19:11:54,004 - MaxFlowv75 - ERROR -  [SAEB-Flow] Energy-guided interpolation failed: element 0 of tensors does not require grad and does not have a grad_fn. Falling back to linear.
2026-02-22 19:11:54,917 - MaxFlowv75 - ERROR -  [SAEB-Flow] Energy-guided interpolation failed: element 0 of tensors does not require grad and does not have a grad_fn. Falling back to linear.
2026-02-22 19:11:55,788 - MaxFlowv75 - ERROR -  [SAEB-Flow] Energy-guided interpolation failed: element 0 of tensors does not require grad and does not have a grad_fn. Falling back to linear.
2026-02-22 19:11:56,670 - MaxFlowv75 - ERROR -  [SAEB-Flow] Energy-guided interpolation failed: element 0 of tensors does not require grad and does not have a grad_fn. Falling back to linear.
2026-02-22 19:11:57,518 - MaxFlowv75 - ERROR -  [SAEB-Flow] Energy-guided interpolation failed: element 0 of tensors does not require grad and does not have a grad_fn. Falling back to linear.
2026-02-22 19:11:58,295 - MaxFlowv75 - ERROR -  [SAEB-Flow] Energy-guided interpolation failed: element 0 of tensors does not require grad and does not have a grad_fn. Falling back to linear.
2026-02-22 19:11:59,058 - MaxFlowv75 - ERROR -  [SAEB-Flow] Energy-guided interpolation failed: element 0 of tensors does not require grad and does not have a grad_fn. Falling back to linear.
2026-02-22 19:11:59,825 - MaxFlowv75 - ERROR -  [SAEB-Flow] Energy-guided interpolation failed: element 0 of tensors does not require grad and does not have a grad_fn. Falling back to linear.
2026-02-22 19:12:00,603 - MaxFlowv75 - ERROR -  [SAEB-Flow] Energy-guided interpolation failed: element 0 of tensors does not require grad and does not have a grad_fn. Falling back to linear.
2026-02-22 19:12:01,418 - MaxFlowv75 - ERROR -  [SAEB-Flow] Energy-guided interpolation failed: element 0 of tensors does not require grad and does not have a grad_fn. Falling back to linear.
2026-02-22 19:12:02,230 - MaxFlowv75 - ERROR -  [SAEB-Flow] Energy-guided interpolation failed: element 0 of tensors does not require grad and does not have a grad_fn. Falling back to linear.
2026-02-22 19:12:03,052 - MaxFlowv75 - ERROR -  [SAEB-Flow] Energy-guided interpolation failed: element 0 of tensors does not require grad and does not have a grad_fn. Falling back to linear.
2026-02-22 19:12:03,942 - MaxFlowv75 - ERROR -  [SAEB-Flow] Energy-guided interpolation failed: element 0 of tensors does not require grad and does not have a grad_fn. Falling back to linear.
2026-02-22 19:12:04,718 - MaxFlowv75 - ERROR -  [SAEB-Flow] Energy-guided interpolation failed: element 0 of tensors does not require grad and does not have a grad_fn. Falling back to linear.
2026-02-22 19:12:05,562 - MaxFlowv75 - ERROR -  [SAEB-Flow] Energy-guided interpolation failed: element 0 of tensors does not require grad and does not have a grad_fn. Falling back to linear.
2026-02-22 19:12:06,375 - MaxFlowv75 - ERROR -  [SAEB-Flow] Energy-guided interpolation failed: element 0 of tensors does not require grad and does not have a grad_fn. Falling back to linear.
2026-02-22 19:12:07,230 - MaxFlowv75 - ERROR -  [SAEB-Flow] Energy-guided interpolation failed: element 0 of tensors does not require grad and does not have a grad_fn. Falling back to linear.
2026-02-22 19:12:08,072 - MaxFlowv75 - ERROR -  [SAEB-Flow] Energy-guided interpolation failed: element 0 of tensors does not require grad and does not have a grad_fn. Falling back to linear.
2026-02-22 19:12:08,808 - MaxFlowv75 - ERROR -  [SAEB-Flow] Energy-guided interpolation failed: element 0 of tensors does not require grad and does not have a grad_fn. Falling back to linear.
2026-02-22 19:12:09,535 - MaxFlowv75 - ERROR -  [SAEB-Flow] Energy-guided interpolation failed: element 0 of tensors does not require grad and does not have a grad_fn. Falling back to linear.
2026-02-22 19:12:09,920 - MaxFlowv75 - INFO -     [v85.0 Performance] Cropped to 772 atoms with SPE Caching.
2026-02-22 19:12:10,372 - MaxFlowv75 - ERROR -  [SAEB-Flow] Energy-guided interpolation failed: element 0 of tensors does not require grad and does not have a grad_fn. Falling back to linear.
2026-02-22 19:12:10,465 - MaxFlowv75 - INFO -     [Dynamics Audit] CosSim: 0.136 | TargetNorm: 4.857
2026-02-22 19:12:10,667 - MaxFlowv75 - INFO -     [ERL Rollout] Consolidating Physics & Biological Magnets (M=27.54)
2026-02-22 19:12:10,668 - MaxFlowv75 - INFO -    Step 100 | E: 267.47 | Alpha: 1.155 | ETA: 2.0m
2026-02-22 19:12:10,853 - MaxFlowv75 - INFO -    Step 100: Loss=17932.95, E_min=170.00, Alpha=1.155
2026-02-22 19:12:11,346 - MaxFlowv75 - ERROR -  [SAEB-Flow] Energy-guided interpolation failed: element 0 of tensors does not require grad and does not have a grad_fn. Falling back to linear.
2026-02-22 19:12:12,074 - MaxFlowv75 - ERROR -  [SAEB-Flow] Energy-guided interpolation failed: element 0 of tensors does not require grad and does not have a grad_fn. Falling back to linear.
2026-02-22 19:12:12,872 - MaxFlowv75 - ERROR -  [SAEB-Flow] Energy-guided interpolation failed: element 0 of tensors does not require grad and does not have a grad_fn. Falling back to linear.
2026-02-22 19:12:13,710 - MaxFlowv75 - ERROR -  [SAEB-Flow] Energy-guided interpolation failed: element 0 of tensors does not require grad and does not have a grad_fn. Falling back to linear.
2026-02-22 19:12:14,456 - MaxFlowv75 - ERROR -  [SAEB-Flow] Energy-guided interpolation failed: element 0 of tensors does not require grad and does not have a grad_fn. Falling back to linear.
2026-02-22 19:12:15,228 - MaxFlowv75 - ERROR -  [SAEB-Flow] Energy-guided interpolation failed: element 0 of tensors does not require grad and does not have a grad_fn. Falling back to linear.
2026-02-22 19:12:16,012 - MaxFlowv75 - ERROR -  [SAEB-Flow] Energy-guided interpolation failed: element 0 of tensors does not require grad and does not have a grad_fn. Falling back to linear.
2026-02-22 19:12:16,892 - MaxFlowv75 - ERROR -  [SAEB-Flow] Energy-guided interpolation failed: element 0 of tensors does not require grad and does not have a grad_fn. Falling back to linear.
2026-02-22 19:12:17,638 - MaxFlowv75 - ERROR -  [SAEB-Flow] Energy-guided interpolation failed: element 0 of tensors does not require grad and does not have a grad_fn. Falling back to linear.
2026-02-22 19:12:18,398 - MaxFlowv75 - ERROR -  [SAEB-Flow] Energy-guided interpolation failed: element 0 of tensors does not require grad and does not have a grad_fn. Falling back to linear.
2026-02-22 19:12:19,129 - MaxFlowv75 - ERROR -  [SAEB-Flow] Energy-guided interpolation failed: element 0 of tensors does not require grad and does not have a grad_fn. Falling back to linear.
2026-02-22 19:12:19,928 - MaxFlowv75 - ERROR -  [SAEB-Flow] Energy-guided interpolation failed: element 0 of tensors does not require grad and does not have a grad_fn. Falling back to linear.
2026-02-22 19:12:20,705 - MaxFlowv75 - ERROR -  [SAEB-Flow] Energy-guided interpolation failed: element 0 of tensors does not require grad and does not have a grad_fn. Falling back to linear.
2026-02-22 19:12:21,474 - MaxFlowv75 - ERROR -  [SAEB-Flow] Energy-guided interpolation failed: element 0 of tensors does not require grad and does not have a grad_fn. Falling back to linear.
2026-02-22 19:12:22,214 - MaxFlowv75 - ERROR -  [SAEB-Flow] Energy-guided interpolation failed: element 0 of tensors does not require grad and does not have a grad_fn. Falling back to linear.
2026-02-22 19:12:23,024 - MaxFlowv75 - ERROR -  [SAEB-Flow] Energy-guided interpolation failed: element 0 of tensors does not require grad and does not have a grad_fn. Falling back to linear.
2026-02-22 19:12:23,763 - MaxFlowv75 - ERROR -  [SAEB-Flow] Energy-guided interpolation failed: element 0 of tensors does not require grad and does not have a grad_fn. Falling back to linear.
2026-02-22 19:12:24,528 - MaxFlowv75 - ERROR -  [SAEB-Flow] Energy-guided interpolation failed: element 0 of tensors does not require grad and does not have a grad_fn. Falling back to linear.
2026-02-22 19:12:25,297 - MaxFlowv75 - ERROR -  [SAEB-Flow] Energy-guided interpolation failed: element 0 of tensors does not require grad and does not have a grad_fn. Falling back to linear.
2026-02-22 19:12:26,218 - MaxFlowv75 - ERROR -  [SAEB-Flow] Energy-guided interpolation failed: element 0 of tensors does not require grad and does not have a grad_fn. Falling back to linear.
2026-02-22 19:12:26,993 - MaxFlowv75 - ERROR -  [SAEB-Flow] Energy-guided interpolation failed: element 0 of tensors does not require grad and does not have a grad_fn. Falling back to linear.
2026-02-22 19:12:27,754 - MaxFlowv75 - ERROR -  [SAEB-Flow] Energy-guided interpolation failed: element 0 of tensors does not require grad and does not have a grad_fn. Falling back to linear.
2026-02-22 19:12:28,485 - MaxFlowv75 - ERROR -  [SAEB-Flow] Energy-guided interpolation failed: element 0 of tensors does not require grad and does not have a grad_fn. Falling back to linear.
2026-02-22 19:12:29,272 - MaxFlowv75 - ERROR -  [SAEB-Flow] Energy-guided interpolation failed: element 0 of tensors does not require grad and does not have a grad_fn. Falling back to linear.
2026-02-22 19:12:29,990 - MaxFlowv75 - ERROR -  [SAEB-Flow] Energy-guided interpolation failed: element 0 of tensors does not require grad and does not have a grad_fn. Falling back to linear.
2026-02-22 19:12:30,891 - MaxFlowv75 - ERROR -  [SAEB-Flow] Energy-guided interpolation failed: element 0 of tensors does not require grad and does not have a grad_fn. Falling back to linear.
2026-02-22 19:12:31,677 - MaxFlowv75 - ERROR -  [SAEB-Flow] Energy-guided interpolation failed: element 0 of tensors does not require grad and does not have a grad_fn. Falling back to linear.
2026-02-22 19:12:32,539 - MaxFlowv75 - ERROR -  [SAEB-Flow] Energy-guided interpolation failed: element 0 of tensors does not require grad and does not have a grad_fn. Falling back to linear.
2026-02-22 19:12:33,347 - MaxFlowv75 - ERROR -  [SAEB-Flow] Energy-guided interpolation failed: element 0 of tensors does not require grad and does not have a grad_fn. Falling back to linear.
2026-02-22 19:12:34,171 - MaxFlowv75 - ERROR -  [SAEB-Flow] Energy-guided interpolation failed: element 0 of tensors does not require grad and does not have a grad_fn. Falling back to linear.
2026-02-22 19:12:34,904 - MaxFlowv75 - ERROR -  [SAEB-Flow] Energy-guided interpolation failed: element 0 of tensors does not require grad and does not have a grad_fn. Falling back to linear.
2026-02-22 19:12:35,734 - MaxFlowv75 - ERROR -  [SAEB-Flow] Energy-guided interpolation failed: element 0 of tensors does not require grad and does not have a grad_fn. Falling back to linear.
2026-02-22 19:12:36,517 - MaxFlowv75 - ERROR -  [SAEB-Flow] Energy-guided interpolation failed: element 0 of tensors does not require grad and does not have a grad_fn. Falling back to linear.
2026-02-22 19:12:37,279 - MaxFlowv75 - ERROR -  [SAEB-Flow] Energy-guided interpolation failed: element 0 of tensors does not require grad and does not have a grad_fn. Falling back to linear.
2026-02-22 19:12:38,001 - MaxFlowv75 - ERROR -  [SAEB-Flow] Energy-guided interpolation failed: element 0 of tensors does not require grad and does not have a grad_fn. Falling back to linear.
2026-02-22 19:12:38,766 - MaxFlowv75 - ERROR -  [SAEB-Flow] Energy-guided interpolation failed: element 0 of tensors does not require grad and does not have a grad_fn. Falling back to linear.
2026-02-22 19:12:39,528 - MaxFlowv75 - ERROR -  [SAEB-Flow] Energy-guided interpolation failed: element 0 of tensors does not require grad and does not have a grad_fn. Falling back to linear.
2026-02-22 19:12:40,307 - MaxFlowv75 - ERROR -  [SAEB-Flow] Energy-guided interpolation failed: element 0 of tensors does not require grad and does not have a grad_fn. Falling back to linear.
2026-02-22 19:12:41,113 - MaxFlowv75 - ERROR -  [SAEB-Flow] Energy-guided interpolation failed: element 0 of tensors does not require grad and does not have a grad_fn. Falling back to linear.
2026-02-22 19:12:41,899 - MaxFlowv75 - ERROR -  [SAEB-Flow] Energy-guided interpolation failed: element 0 of tensors does not require grad and does not have a grad_fn. Falling back to linear.
2026-02-22 19:12:42,654 - MaxFlowv75 - ERROR -  [SAEB-Flow] Energy-guided interpolation failed: element 0 of tensors does not require grad and does not have a grad_fn. Falling back to linear.
2026-02-22 19:12:43,422 - MaxFlowv75 - ERROR -  [SAEB-Flow] Energy-guided interpolation failed: element 0 of tensors does not require grad and does not have a grad_fn. Falling back to linear.
2026-02-22 19:12:44,194 - MaxFlowv75 - ERROR -  [SAEB-Flow] Energy-guided interpolation failed: element 0 of tensors does not require grad and does not have a grad_fn. Falling back to linear.
2026-02-22 19:12:45,039 - MaxFlowv75 - ERROR -  [SAEB-Flow] Energy-guided interpolation failed: element 0 of tensors does not require grad and does not have a grad_fn. Falling back to linear.
2026-02-22 19:12:45,879 - MaxFlowv75 - ERROR -  [SAEB-Flow] Energy-guided interpolation failed: element 0 of tensors does not require grad and does not have a grad_fn. Falling back to linear.
2026-02-22 19:12:46,631 - MaxFlowv75 - ERROR -  [SAEB-Flow] Energy-guided interpolation failed: element 0 of tensors does not require grad and does not have a grad_fn. Falling back to linear.
2026-02-22 19:12:47,423 - MaxFlowv75 - ERROR -  [SAEB-Flow] Energy-guided interpolation failed: element 0 of tensors does not require grad and does not have a grad_fn. Falling back to linear.
2026-02-22 19:12:48,230 - MaxFlowv75 - ERROR -  [SAEB-Flow] Energy-guided interpolation failed: element 0 of tensors does not require grad and does not have a grad_fn. Falling back to linear.
2026-02-22 19:12:48,996 - MaxFlowv75 - ERROR -  [SAEB-Flow] Energy-guided interpolation failed: element 0 of tensors does not require grad and does not have a grad_fn. Falling back to linear.
2026-02-22 19:12:49,355 - MaxFlowv75 - INFO -     [v85.0 Performance] Cropped to 787 atoms with SPE Caching.
2026-02-22 19:12:49,840 - MaxFlowv75 - ERROR -  [SAEB-Flow] Energy-guided interpolation failed: element 0 of tensors does not require grad and does not have a grad_fn. Falling back to linear.
2026-02-22 19:12:50,138 - MaxFlowv75 - INFO -     [ERL Rollout] Consolidating Physics & Biological Magnets (M=27.54)
2026-02-22 19:12:50,138 - MaxFlowv75 - INFO -    Step 150 | E: 91156.23 | Alpha: 0.072 | ETA: 0.9m
2026-02-22 19:12:50,850 - MaxFlowv75 - ERROR -  [SAEB-Flow] Energy-guided interpolation failed: element 0 of tensors does not require grad and does not have a grad_fn. Falling back to linear.
2026-02-22 19:12:51,714 - MaxFlowv75 - ERROR -  [SAEB-Flow] Energy-guided interpolation failed: element 0 of tensors does not require grad and does not have a grad_fn. Falling back to linear.
2026-02-22 19:12:52,536 - MaxFlowv75 - ERROR -  [SAEB-Flow] Energy-guided interpolation failed: element 0 of tensors does not require grad and does not have a grad_fn. Falling back to linear.
2026-02-22 19:12:53,331 - MaxFlowv75 - ERROR -  [SAEB-Flow] Energy-guided interpolation failed: element 0 of tensors does not require grad and does not have a grad_fn. Falling back to linear.
2026-02-22 19:12:54,081 - MaxFlowv75 - ERROR -  [SAEB-Flow] Energy-guided interpolation failed: element 0 of tensors does not require grad and does not have a grad_fn. Falling back to linear.
2026-02-22 19:12:54,912 - MaxFlowv75 - ERROR -  [SAEB-Flow] Energy-guided interpolation failed: element 0 of tensors does not require grad and does not have a grad_fn. Falling back to linear.
2026-02-22 19:12:55,678 - MaxFlowv75 - ERROR -  [SAEB-Flow] Energy-guided interpolation failed: element 0 of tensors does not require grad and does not have a grad_fn. Falling back to linear.
2026-02-22 19:12:56,444 - MaxFlowv75 - ERROR -  [SAEB-Flow] Energy-guided interpolation failed: element 0 of tensors does not require grad and does not have a grad_fn. Falling back to linear.
2026-02-22 19:12:57,193 - MaxFlowv75 - ERROR -  [SAEB-Flow] Energy-guided interpolation failed: element 0 of tensors does not require grad and does not have a grad_fn. Falling back to linear.
2026-02-22 19:12:57,944 - MaxFlowv75 - ERROR -  [SAEB-Flow] Energy-guided interpolation failed: element 0 of tensors does not require grad and does not have a grad_fn. Falling back to linear.
2026-02-22 19:12:58,680 - MaxFlowv75 - ERROR -  [SAEB-Flow] Energy-guided interpolation failed: element 0 of tensors does not require grad and does not have a grad_fn. Falling back to linear.
2026-02-22 19:12:59,467 - MaxFlowv75 - ERROR -  [SAEB-Flow] Energy-guided interpolation failed: element 0 of tensors does not require grad and does not have a grad_fn. Falling back to linear.
2026-02-22 19:13:00,348 - MaxFlowv75 - ERROR -  [SAEB-Flow] Energy-guided interpolation failed: element 0 of tensors does not require grad and does not have a grad_fn. Falling back to linear.
2026-02-22 19:13:01,158 - MaxFlowv75 - ERROR -  [SAEB-Flow] Energy-guided interpolation failed: element 0 of tensors does not require grad and does not have a grad_fn. Falling back to linear.
2026-02-22 19:13:01,920 - MaxFlowv75 - ERROR -  [SAEB-Flow] Energy-guided interpolation failed: element 0 of tensors does not require grad and does not have a grad_fn. Falling back to linear.
2026-02-22 19:13:02,665 - MaxFlowv75 - ERROR -  [SAEB-Flow] Energy-guided interpolation failed: element 0 of tensors does not require grad and does not have a grad_fn. Falling back to linear.
2026-02-22 19:13:03,477 - MaxFlowv75 - ERROR -  [SAEB-Flow] Energy-guided interpolation failed: element 0 of tensors does not require grad and does not have a grad_fn. Falling back to linear.
2026-02-22 19:13:04,231 - MaxFlowv75 - ERROR -  [SAEB-Flow] Energy-guided interpolation failed: element 0 of tensors does not require grad and does not have a grad_fn. Falling back to linear.
2026-02-22 19:13:05,061 - MaxFlowv75 - ERROR -  [SAEB-Flow] Energy-guided interpolation failed: element 0 of tensors does not require grad and does not have a grad_fn. Falling back to linear.
2026-02-22 19:13:05,828 - MaxFlowv75 - ERROR -  [SAEB-Flow] Energy-guided interpolation failed: element 0 of tensors does not require grad and does not have a grad_fn. Falling back to linear.
2026-02-22 19:13:06,593 - MaxFlowv75 - ERROR -  [SAEB-Flow] Energy-guided interpolation failed: element 0 of tensors does not require grad and does not have a grad_fn. Falling back to linear.
2026-02-22 19:13:07,397 - MaxFlowv75 - ERROR -  [SAEB-Flow] Energy-guided interpolation failed: element 0 of tensors does not require grad and does not have a grad_fn. Falling back to linear.
2026-02-22 19:13:08,178 - MaxFlowv75 - ERROR -  [SAEB-Flow] Energy-guided interpolation failed: element 0 of tensors does not require grad and does not have a grad_fn. Falling back to linear.
2026-02-22 19:13:08,942 - MaxFlowv75 - ERROR -  [SAEB-Flow] Energy-guided interpolation failed: element 0 of tensors does not require grad and does not have a grad_fn. Falling back to linear.
2026-02-22 19:13:09,702 - MaxFlowv75 - ERROR -  [SAEB-Flow] Energy-guided interpolation failed: element 0 of tensors does not require grad and does not have a grad_fn. Falling back to linear.
2026-02-22 19:13:10,505 - MaxFlowv75 - ERROR -  [SAEB-Flow] Energy-guided interpolation failed: element 0 of tensors does not require grad and does not have a grad_fn. Falling back to linear.
2026-02-22 19:13:11,272 - MaxFlowv75 - ERROR -  [SAEB-Flow] Energy-guided interpolation failed: element 0 of tensors does not require grad and does not have a grad_fn. Falling back to linear.
2026-02-22 19:13:12,072 - MaxFlowv75 - ERROR -  [SAEB-Flow] Energy-guided interpolation failed: element 0 of tensors does not require grad and does not have a grad_fn. Falling back to linear.
2026-02-22 19:13:12,826 - MaxFlowv75 - ERROR -  [SAEB-Flow] Energy-guided interpolation failed: element 0 of tensors does not require grad and does not have a grad_fn. Falling back to linear.
2026-02-22 19:13:13,672 - MaxFlowv75 - ERROR -  [SAEB-Flow] Energy-guided interpolation failed: element 0 of tensors does not require grad and does not have a grad_fn. Falling back to linear.
2026-02-22 19:13:14,440 - MaxFlowv75 - ERROR -  [SAEB-Flow] Energy-guided interpolation failed: element 0 of tensors does not require grad and does not have a grad_fn. Falling back to linear.
2026-02-22 19:13:15,222 - MaxFlowv75 - ERROR -  [SAEB-Flow] Energy-guided interpolation failed: element 0 of tensors does not require grad and does not have a grad_fn. Falling back to linear.
2026-02-22 19:13:15,983 - MaxFlowv75 - ERROR -  [SAEB-Flow] Energy-guided interpolation failed: element 0 of tensors does not require grad and does not have a grad_fn. Falling back to linear.
2026-02-22 19:13:16,756 - MaxFlowv75 - ERROR -  [SAEB-Flow] Energy-guided interpolation failed: element 0 of tensors does not require grad and does not have a grad_fn. Falling back to linear.
2026-02-22 19:13:17,548 - MaxFlowv75 - ERROR -  [SAEB-Flow] Energy-guided interpolation failed: element 0 of tensors does not require grad and does not have a grad_fn. Falling back to linear.
2026-02-22 19:13:18,345 - MaxFlowv75 - ERROR -  [SAEB-Flow] Energy-guided interpolation failed: element 0 of tensors does not require grad and does not have a grad_fn. Falling back to linear.
2026-02-22 19:13:19,160 - MaxFlowv75 - ERROR -  [SAEB-Flow] Energy-guided interpolation failed: element 0 of tensors does not require grad and does not have a grad_fn. Falling back to linear.
2026-02-22 19:13:20,013 - MaxFlowv75 - ERROR -  [SAEB-Flow] Energy-guided interpolation failed: element 0 of tensors does not require grad and does not have a grad_fn. Falling back to linear.
2026-02-22 19:13:20,778 - MaxFlowv75 - ERROR -  [SAEB-Flow] Energy-guided interpolation failed: element 0 of tensors does not require grad and does not have a grad_fn. Falling back to linear.
2026-02-22 19:13:28,834 - MaxFlowv75 - INFO -     [PyMOL] Generating 3D overlay script: view_1UYD_MaxFlow-v97.1.pml
2026-02-22 19:13:29,821 - MaxFlowv75 - INFO -      [PoseBusters Audit] Atomic Clashes (<0.8A): 3, Bond Violations: 0
2026-02-22 19:13:30,492 - MaxFlowv75 - INFO -  Optimization Finished. Best RMSD: 2.94 A, Pot: 14496.32, Int-RMSD: 3.56, Steps@-7: 200
2026-02-22 19:13:30,492 - MaxFlowv75 - INFO -    [v93.0] Initiating L-BFGS Gradient Refinement (Steps: 500)...
2026-02-22 19:13:47,229 - MaxFlowv75 - INFO -    [L-BFGS] Convergence Reached. Final System Energy: 0.00
2026-02-22 19:13:47,232 - MaxFlowv75 - INFO - [Experiment Final Result] MCMC Refined RMSD: 8214.93 A, Energy: 0.00
2026-02-22 19:29:46,226 - MaxFlowv75 - INFO -  [MaxFlow] Embedding Module: esm_embeddings.pt missing. Dynamic embedding mode enabled.
2026-02-22 19:29:46,234 - MaxFlowv75 - INFO -  [MaxFlow] Embedding Module: esm_embeddings.pt missing. Dynamic embedding mode enabled.
2026-02-22 19:30:18,215 - MaxFlowv75 - INFO -  [MaxFlow] Embedding Module: esm_embeddings.pt missing. Dynamic embedding mode enabled.
2026-02-22 19:30:18,216 - MaxFlowv75 - INFO -  [MaxFlow] Embedding Module: esm_embeddings.pt missing. Dynamic embedding mode enabled.
