2026-02-22 22:54:54,811 - SAEB-Flow - INFO -  CPU Turbo Enabled: 16 threads utilized.
2026-02-22 22:54:54,849 - SAEB-Flow - INFO -    >>> Running 1UYD with configuration: SAEB-Flow
2026-02-22 22:54:54,850 - SAEB-Flow - INFO - Embedding Module: esm_embeddings.pt missing. Dynamic embedding mode enabled.
2026-02-22 22:54:54,876 - SAEB-Flow - INFO - Starting SAEB-Flow Production Run on 1UYD_SAEB-Flow...
2026-02-22 22:54:54,931 - SAEB-Flow - INFO -     [Data] Found dominant ligand PU8 with 28 atoms.
2026-02-22 22:54:55,029 - SAEB-Flow - INFO -     Successfully extracted ligand template (PU8).
2026-02-22 22:54:55,066 - SAEB-Flow - WARNING -     Inference/Blind Mode: Searching for Pocket via Protein Center (No Leakage)...
2026-02-22 22:54:55,218 - SAEB-Flow - INFO -    FiberBundle: 4 rotatable bonds, 28 atoms.
2026-02-22 22:54:55,223 - SAEB-Flow - INFO -    [Redocking] Pocket-Aware Mode active. Centering on ground truth.
2026-02-22 22:54:55,284 - SAEB-Flow - INFO -    [Multiverse] Applying Random 3D Rotations to clones to explore orientation space.
2026-02-22 22:54:55,287 - SAEBFlow - INFO - Loading ESM-2 Model (esm2_t33_650M_UR50D, fp32=False)...
2026-02-22 22:55:17,705 - SAEB-Flow - INFO -     Inference Mode: Freezing Model Weights & Enabling ProSeCo.
2026-02-22 22:55:27,745 - SAEB-Flow - INFO -     Keeping Perception Models on device for stability.
2026-02-22 22:55:27,782 - SAEB-Flow - INFO -    Running 300 steps of Optimization...
2026-02-22 22:55:27,802 - SAEB-Flow - ERROR -  Experiment Suite Failed: name 'data' is not defined
2026-02-22 22:55:27,808 - SAEB-Flow - ERROR - Traceback (most recent call last):
  File "D:\Drug\src\lite_experiment_suite.py", line 4177, in <module>
    hist = exp.run()
           ^^^^^^^^^
  File "D:\Drug\src\lite_experiment_suite.py", line 2976, in run
    data.x_L = x_L_final.view(B, N, D)
    ^^^^
NameError: name 'data' is not defined

2026-02-22 22:56:50,159 - SAEB-Flow - INFO -  CPU Turbo Enabled: 16 threads utilized.
2026-02-22 22:56:50,190 - SAEB-Flow - INFO -    >>> Running 1UYD with configuration: SAEB-Flow
2026-02-22 22:56:50,192 - SAEB-Flow - INFO - Embedding Module: esm_embeddings.pt missing. Dynamic embedding mode enabled.
2026-02-22 22:56:50,198 - SAEB-Flow - INFO - Starting SAEB-Flow Production Run on 1UYD_SAEB-Flow...
2026-02-22 22:56:50,263 - SAEB-Flow - INFO -     [Data] Found dominant ligand PU8 with 28 atoms.
2026-02-22 22:56:50,323 - SAEB-Flow - INFO -     Successfully extracted ligand template (PU8).
2026-02-22 22:56:50,344 - SAEB-Flow - WARNING -     Inference/Blind Mode: Searching for Pocket via Protein Center (No Leakage)...
2026-02-22 22:56:50,437 - SAEB-Flow - INFO -    FiberBundle: 4 rotatable bonds, 28 atoms.
2026-02-22 22:56:50,440 - SAEB-Flow - INFO -    [Redocking] Pocket-Aware Mode active. Centering on ground truth.
2026-02-22 22:56:50,513 - SAEB-Flow - INFO -    [Multiverse] Applying Random 3D Rotations to clones to explore orientation space.
2026-02-22 22:56:50,521 - SAEBFlow - INFO - Loading ESM-2 Model (esm2_t33_650M_UR50D, fp32=False)...
2026-02-22 22:57:07,610 - SAEB-Flow - INFO -     Inference Mode: Freezing Model Weights & Enabling ProSeCo.
2026-02-22 22:57:14,390 - SAEB-Flow - INFO -     Keeping Perception Models on device for stability.
2026-02-22 22:57:14,621 - SAEB-Flow - INFO -    Running 300 steps of Optimization...
2026-02-22 22:57:14,641 - SAEB-Flow - INFO -     Cropped to 634 atoms with SPE Caching.
2026-02-22 22:57:16,555 - SAEB-Flow - ERROR -  Experiment Suite Failed: name 'data' is not defined
2026-02-22 22:57:16,563 - SAEB-Flow - ERROR - Traceback (most recent call last):
  File "D:\Drug\src\lite_experiment_suite.py", line 4186, in <module>
    hist = exp.run()
           ^^^^^^^^^
  File "D:\Drug\src\lite_experiment_suite.py", line 3120, in run
    x_L=data.x_L, x_P=x_P_rep, pos_P=pos_P_rep, h_P=h_P_ref)
        ^^^^
NameError: name 'data' is not defined

2026-02-22 22:58:23,959 - SAEB-Flow - INFO -  CPU Turbo Enabled: 16 threads utilized.
2026-02-22 22:58:24,012 - SAEB-Flow - INFO -    >>> Running 1UYD with configuration: SAEB-Flow
2026-02-22 22:58:24,016 - SAEB-Flow - INFO - Embedding Module: esm_embeddings.pt missing. Dynamic embedding mode enabled.
2026-02-22 22:58:24,020 - SAEB-Flow - INFO - Starting SAEB-Flow Production Run on 1UYD_SAEB-Flow...
2026-02-22 22:58:24,076 - SAEB-Flow - INFO -     [Data] Found dominant ligand PU8 with 28 atoms.
2026-02-22 22:58:24,123 - SAEB-Flow - INFO -     Successfully extracted ligand template (PU8).
2026-02-22 22:58:24,137 - SAEB-Flow - WARNING -     Inference/Blind Mode: Searching for Pocket via Protein Center (No Leakage)...
2026-02-22 22:58:24,206 - SAEB-Flow - INFO -    FiberBundle: 4 rotatable bonds, 28 atoms.
2026-02-22 22:58:24,208 - SAEB-Flow - INFO -    [Redocking] Pocket-Aware Mode active. Centering on ground truth.
2026-02-22 22:58:24,263 - SAEB-Flow - INFO -    [Multiverse] Applying Random 3D Rotations to clones to explore orientation space.
2026-02-22 22:58:24,266 - SAEBFlow - INFO - Loading ESM-2 Model (esm2_t33_650M_UR50D, fp32=False)...
2026-02-22 22:58:41,692 - SAEB-Flow - INFO -     Inference Mode: Freezing Model Weights & Enabling ProSeCo.
2026-02-22 22:58:49,742 - SAEB-Flow - INFO -     Keeping Perception Models on device for stability.
2026-02-22 22:58:49,943 - SAEB-Flow - INFO -    Running 300 steps of Optimization...
2026-02-22 22:58:49,969 - SAEB-Flow - INFO -     Cropped to 634 atoms with SPE Caching.
2026-02-22 22:58:51,350 - SAEB-Flow - ERROR -  Experiment Suite Failed: index 8 is out of bounds for dimension 0 with size 8
2026-02-22 22:58:51,353 - SAEB-Flow - ERROR - Traceback (most recent call last):
  File "D:\Drug\src\lite_experiment_suite.py", line 4186, in <module>
    hist = exp.run()
           ^^^^^^^^^
  File "D:\Drug\src\lite_experiment_suite.py", line 3166, in run
    e_bond = self.phys.compute_internal_energy(pos_L_reshaped, self.edge_index, None, softness=alpha)
             ^^^^^^^^^^^^^^^^^^^^^^^^^^^^^^^^^^^^^^^^^^^^^^^^^^^^^^^^^^^^^^^^^^^^^^^^^^^^^^^^^^^^^^^^
  File "D:\Drug\src\lite_experiment_suite.py", line 696, in compute_internal_energy
    p1 = pos_L[bond_idx[0]]
         ~~~~~^^^^^^^^^^^^^
IndexError: index 8 is out of bounds for dimension 0 with size 8

2026-02-22 22:59:55,574 - SAEB-Flow - INFO -  CPU Turbo Enabled: 16 threads utilized.
2026-02-22 22:59:55,586 - SAEB-Flow - INFO -    >>> Running 1UYD with configuration: SAEB-Flow
2026-02-22 22:59:55,587 - SAEB-Flow - INFO - Embedding Module: esm_embeddings.pt missing. Dynamic embedding mode enabled.
2026-02-22 22:59:55,593 - SAEB-Flow - INFO - Starting SAEB-Flow Production Run on 1UYD_SAEB-Flow...
2026-02-22 22:59:55,649 - SAEB-Flow - INFO -     [Data] Found dominant ligand PU8 with 28 atoms.
2026-02-22 22:59:55,697 - SAEB-Flow - INFO -     Successfully extracted ligand template (PU8).
2026-02-22 22:59:55,713 - SAEB-Flow - WARNING -     Inference/Blind Mode: Searching for Pocket via Protein Center (No Leakage)...
2026-02-22 22:59:55,777 - SAEB-Flow - INFO -    FiberBundle: 4 rotatable bonds, 28 atoms.
2026-02-22 22:59:55,779 - SAEB-Flow - INFO -    [Redocking] Pocket-Aware Mode active. Centering on ground truth.
2026-02-22 22:59:55,830 - SAEB-Flow - INFO -    [Multiverse] Applying Random 3D Rotations to clones to explore orientation space.
2026-02-22 22:59:55,832 - SAEBFlow - INFO - Loading ESM-2 Model (esm2_t33_650M_UR50D, fp32=False)...
2026-02-22 23:00:12,453 - SAEB-Flow - INFO -     Inference Mode: Freezing Model Weights & Enabling ProSeCo.
2026-02-22 23:00:18,955 - SAEB-Flow - INFO -     Keeping Perception Models on device for stability.
2026-02-22 23:00:19,216 - SAEB-Flow - INFO -    Running 300 steps of Optimization...
2026-02-22 23:00:19,240 - SAEB-Flow - INFO -     Cropped to 634 atoms with SPE Caching.
2026-02-22 23:00:21,232 - SAEB-Flow - ERROR -  Experiment Suite Failed: ShortcutFlowLoss.forward() got an unexpected keyword argument 'x_L_pred'
2026-02-22 23:00:21,237 - SAEB-Flow - ERROR - Traceback (most recent call last):
  File "D:\Drug\src\lite_experiment_suite.py", line 4192, in <module>
    hist = exp.run()
           ^^^^^^^^^
  File "D:\Drug\src\lite_experiment_suite.py", line 3247, in run
    loss_cbsf, cbsf_metrics = self.shortcut_loss_fn(
                              ^^^^^^^^^^^^^^^^^^^^^^
  File "C:\Users\user\AppData\Local\Programs\Python\Python312\Lib\site-packages\torch\nn\modules\module.py", line 1739, in _wrapped_call_impl
    return self._call_impl(*args, **kwargs)
           ^^^^^^^^^^^^^^^^^^^^^^^^^^^^^^^^
  File "C:\Users\user\AppData\Local\Programs\Python\Python312\Lib\site-packages\torch\nn\modules\module.py", line 1750, in _call_impl
    return forward_call(*args, **kwargs)
           ^^^^^^^^^^^^^^^^^^^^^^^^^^^^^
TypeError: ShortcutFlowLoss.forward() got an unexpected keyword argument 'x_L_pred'

2026-02-22 23:02:20,170 - SAEB-Flow - INFO -  CPU Turbo Enabled: 16 threads utilized.
2026-02-22 23:02:20,191 - SAEB-Flow - INFO -    >>> Running 1UYD with configuration: SAEB-Flow
2026-02-22 23:02:20,192 - SAEB-Flow - INFO - Embedding Module: esm_embeddings.pt missing. Dynamic embedding mode enabled.
2026-02-22 23:02:20,195 - SAEB-Flow - INFO - Starting SAEB-Flow Production Run on 1UYD_SAEB-Flow...
2026-02-22 23:02:20,261 - SAEB-Flow - INFO -     [Data] Found dominant ligand PU8 with 28 atoms.
2026-02-22 23:02:20,322 - SAEB-Flow - INFO -     Successfully extracted ligand template (PU8).
2026-02-22 23:02:20,337 - SAEB-Flow - WARNING -     Inference/Blind Mode: Searching for Pocket via Protein Center (No Leakage)...
2026-02-22 23:02:20,423 - SAEB-Flow - INFO -    FiberBundle: 4 rotatable bonds, 28 atoms.
2026-02-22 23:02:20,427 - SAEB-Flow - INFO -    [Redocking] Pocket-Aware Mode active. Centering on ground truth.
2026-02-22 23:02:20,481 - SAEB-Flow - INFO -    [Multiverse] Applying Random 3D Rotations to clones to explore orientation space.
2026-02-22 23:02:20,483 - SAEBFlow - INFO - Loading ESM-2 Model (esm2_t33_650M_UR50D, fp32=False)...
2026-02-22 23:02:40,400 - SAEB-Flow - INFO -     Inference Mode: Freezing Model Weights & Enabling ProSeCo.
2026-02-22 23:02:50,166 - SAEB-Flow - INFO -     Keeping Perception Models on device for stability.
2026-02-22 23:02:50,337 - SAEB-Flow - INFO -    Running 300 steps of Optimization...
2026-02-22 23:02:50,363 - SAEB-Flow - INFO -     Cropped to 634 atoms with SPE Caching.
2026-02-22 23:02:52,044 - SAEB-Flow - ERROR -  Experiment Suite Failed: too many values to unpack (expected 3)
2026-02-22 23:02:52,048 - SAEB-Flow - ERROR - Traceback (most recent call last):
  File "D:\Drug\src\lite_experiment_suite.py", line 4192, in <module>
    hist = exp.run()
           ^^^^^^^^^
  File "D:\Drug\src\lite_experiment_suite.py", line 3329, in run
    e_soft_next, e_hard_next, _ = self.phys.compute_energy(pos_next_sim, pos_P_batched, q_L, q_P_batched, x_L_for_physics, x_P_batched, progress)
    ^^^^^^^^^^^^^^^^^^^^^^^^^^^
ValueError: too many values to unpack (expected 3)

2026-02-22 23:03:57,241 - SAEB-Flow - INFO -  CPU Turbo Enabled: 16 threads utilized.
2026-02-22 23:03:57,278 - SAEB-Flow - INFO -    >>> Running 1UYD with configuration: SAEB-Flow
2026-02-22 23:03:57,279 - SAEB-Flow - INFO - Embedding Module: esm_embeddings.pt missing. Dynamic embedding mode enabled.
2026-02-22 23:03:57,302 - SAEB-Flow - INFO - Starting SAEB-Flow Production Run on 1UYD_SAEB-Flow...
2026-02-22 23:03:57,368 - SAEB-Flow - INFO -     [Data] Found dominant ligand PU8 with 28 atoms.
2026-02-22 23:03:57,438 - SAEB-Flow - INFO -     Successfully extracted ligand template (PU8).
2026-02-22 23:03:57,466 - SAEB-Flow - WARNING -     Inference/Blind Mode: Searching for Pocket via Protein Center (No Leakage)...
2026-02-22 23:03:57,555 - SAEB-Flow - INFO -    FiberBundle: 4 rotatable bonds, 28 atoms.
2026-02-22 23:03:57,558 - SAEB-Flow - INFO -    [Redocking] Pocket-Aware Mode active. Centering on ground truth.
2026-02-22 23:03:57,616 - SAEB-Flow - INFO -    [Multiverse] Applying Random 3D Rotations to clones to explore orientation space.
2026-02-22 23:03:57,619 - SAEBFlow - INFO - Loading ESM-2 Model (esm2_t33_650M_UR50D, fp32=False)...
2026-02-22 23:04:17,382 - SAEB-Flow - INFO -     Inference Mode: Freezing Model Weights & Enabling ProSeCo.
2026-02-22 23:04:26,287 - SAEB-Flow - INFO -     Keeping Perception Models on device for stability.
2026-02-22 23:04:26,477 - SAEB-Flow - INFO -    Running 300 steps of Optimization...
2026-02-22 23:04:26,500 - SAEB-Flow - INFO -     Cropped to 634 atoms with SPE Caching.
2026-02-22 23:04:28,071 - SAEB-Flow - ERROR -  Experiment Suite Failed: too many values to unpack (expected 3)
2026-02-22 23:04:28,075 - SAEB-Flow - ERROR - Traceback (most recent call last):
  File "D:\Drug\src\lite_experiment_suite.py", line 4192, in <module>
    hist = exp.run()
           ^^^^^^^^^
  File "D:\Drug\src\lite_experiment_suite.py", line 3329, in run
    e_soft_next, e_hard_next, _, _ = self.phys.compute_energy(pos_next_sim, pos_P_batched, q_L, q_P_batched, x_L_for_physics, x_P_batched, progress)
    ^^^^^^^^^^^^^^^^^^^^^^^^^^^
ValueError: too many values to unpack (expected 3)

2026-02-22 23:05:11,679 - SAEB-Flow - INFO -  CPU Turbo Enabled: 16 threads utilized.
2026-02-22 23:05:11,698 - SAEB-Flow - INFO -    >>> Running 1UYD with configuration: SAEB-Flow
2026-02-22 23:05:11,698 - SAEB-Flow - INFO - Embedding Module: esm_embeddings.pt missing. Dynamic embedding mode enabled.
2026-02-22 23:05:11,710 - SAEB-Flow - INFO - Starting SAEB-Flow Production Run on 1UYD_SAEB-Flow...
2026-02-22 23:05:11,774 - SAEB-Flow - INFO -     [Data] Found dominant ligand PU8 with 28 atoms.
2026-02-22 23:05:11,838 - SAEB-Flow - INFO -     Successfully extracted ligand template (PU8).
2026-02-22 23:05:11,861 - SAEB-Flow - WARNING -     Inference/Blind Mode: Searching for Pocket via Protein Center (No Leakage)...
2026-02-22 23:05:11,960 - SAEB-Flow - INFO -    FiberBundle: 4 rotatable bonds, 28 atoms.
2026-02-22 23:05:11,962 - SAEB-Flow - INFO -    [Redocking] Pocket-Aware Mode active. Centering on ground truth.
2026-02-22 23:05:12,011 - SAEB-Flow - INFO -    [Multiverse] Applying Random 3D Rotations to clones to explore orientation space.
2026-02-22 23:05:12,013 - SAEBFlow - INFO - Loading ESM-2 Model (esm2_t33_650M_UR50D, fp32=False)...
2026-02-22 23:05:30,004 - SAEB-Flow - INFO -     Inference Mode: Freezing Model Weights & Enabling ProSeCo.
2026-02-22 23:05:37,820 - SAEB-Flow - INFO -     Keeping Perception Models on device for stability.
2026-02-22 23:05:38,050 - SAEB-Flow - INFO -    Running 300 steps of Optimization...
2026-02-22 23:05:38,070 - SAEB-Flow - INFO -     Cropped to 634 atoms with SPE Caching.
2026-02-22 23:05:40,514 - SAEB-Flow - INFO -     [Dynamics Audit] CosSim: -0.264 | TargetNorm: 20.000
2026-02-22 23:05:40,516 - SAEB-Flow - INFO -    Step 000 | E: 1119764.38 | Alpha: 5.000 | ETA: 0.0m
2026-02-22 23:05:40,599 - SAEB-Flow - INFO -    Step 0: Loss=512.41, E_min=22669.93, Alpha=5.000
2026-02-22 23:05:40,643 - SAEB-Flow - ERROR -  Experiment Suite Failed: too many values to unpack (expected 3)
2026-02-22 23:05:40,650 - SAEB-Flow - ERROR - Traceback (most recent call last):
  File "D:\Drug\src\lite_experiment_suite.py", line 4192, in <module>
    hist = exp.run()
           ^^^^^^^^^
  File "D:\Drug\src\lite_experiment_suite.py", line 3594, in run
    v_eff_euler = self.ode_solver.dynamics(
                  ^^^^^^^^^^^^^^^^^^^^^^^^^
  File "D:\Drug\src\lite_experiment_suite.py", line 1162, in dynamics
    e_soft, e_hard, _ = self.phys.compute_energy(pos, pos_P, q_L, q_P, x_L, x_P, progress)
    ^^^^^^^^^^^^^^^^^
ValueError: too many values to unpack (expected 3)

2026-02-22 23:06:51,510 - SAEB-Flow - INFO -  CPU Turbo Enabled: 16 threads utilized.
2026-02-22 23:06:51,579 - SAEB-Flow - INFO -    >>> Running 1UYD with configuration: SAEB-Flow
2026-02-22 23:06:51,581 - SAEB-Flow - INFO - Embedding Module: esm_embeddings.pt missing. Dynamic embedding mode enabled.
2026-02-22 23:06:51,584 - SAEB-Flow - INFO - Starting SAEB-Flow Production Run on 1UYD_SAEB-Flow...
2026-02-22 23:06:51,644 - SAEB-Flow - INFO -     [Data] Found dominant ligand PU8 with 28 atoms.
2026-02-22 23:06:51,715 - SAEB-Flow - INFO -     Successfully extracted ligand template (PU8).
2026-02-22 23:06:51,746 - SAEB-Flow - WARNING -     Inference/Blind Mode: Searching for Pocket via Protein Center (No Leakage)...
2026-02-22 23:06:51,854 - SAEB-Flow - INFO -    FiberBundle: 4 rotatable bonds, 28 atoms.
2026-02-22 23:06:51,856 - SAEB-Flow - INFO -    [Redocking] Pocket-Aware Mode active. Centering on ground truth.
2026-02-22 23:06:51,920 - SAEB-Flow - INFO -    [Multiverse] Applying Random 3D Rotations to clones to explore orientation space.
2026-02-22 23:06:51,923 - SAEBFlow - INFO - Loading ESM-2 Model (esm2_t33_650M_UR50D, fp32=False)...
2026-02-22 23:07:11,535 - SAEB-Flow - INFO -     Inference Mode: Freezing Model Weights & Enabling ProSeCo.
2026-02-22 23:07:19,127 - SAEB-Flow - INFO -     Keeping Perception Models on device for stability.
2026-02-22 23:07:19,360 - SAEB-Flow - INFO -    Running 300 steps of Optimization...
2026-02-22 23:07:19,382 - SAEB-Flow - INFO -     Cropped to 634 atoms with SPE Caching.
2026-02-22 23:07:21,034 - SAEB-Flow - INFO -     [Dynamics Audit] CosSim: -0.264 | TargetNorm: 20.000
2026-02-22 23:07:21,035 - SAEB-Flow - INFO -    Step 000 | E: 1119764.38 | Alpha: 5.000 | ETA: 0.0m
2026-02-22 23:07:21,106 - SAEB-Flow - INFO -    Step 0: Loss=512.41, E_min=22669.93, Alpha=5.000
2026-02-22 23:07:45,882 - SAEB-Flow - INFO -     Cropped to 742 atoms with SPE Caching.
2026-02-22 23:07:46,411 - SAEB-Flow - INFO -     [ERL Rollout] Consolidating Physics & Biological Magnets (M=21.85)
2026-02-22 23:07:46,412 - SAEB-Flow - INFO -    Step 050 | E: 2327879.25 | Alpha: 2.000 | ETA: 4.5m
2026-02-22 23:08:10,470 - SAEB-Flow - INFO -     Cropped to 741 atoms with SPE Caching.
2026-02-22 23:08:10,783 - SAEB-Flow - INFO -     [Dynamics Audit] CosSim: -0.203 | TargetNorm: 20.000
2026-02-22 23:08:10,953 - SAEB-Flow - INFO -     [ERL Rollout] Consolidating Physics & Biological Magnets (M=22.05)
2026-02-22 23:08:10,955 - SAEB-Flow - INFO -    Step 100 | E: 2352261.50 | Alpha: 1.870 | ETA: 2.6m
2026-02-22 23:08:11,013 - SAEB-Flow - INFO -    Step 100: Loss=512.56, E_min=47127.36, Alpha=1.870
2026-02-22 23:08:34,596 - SAEB-Flow - INFO -     Cropped to 739 atoms with SPE Caching.
2026-02-22 23:08:35,084 - SAEB-Flow - INFO -     [ERL Rollout] Consolidating Physics & Biological Magnets (M=22.20)
2026-02-22 23:08:35,085 - SAEB-Flow - INFO -    Step 150 | E: 3433197.75 | Alpha: 1.148 | ETA: 1.7m
2026-02-22 23:08:59,517 - SAEB-Flow - INFO -     Cropped to 740 atoms with SPE Caching.
2026-02-22 23:09:01,516 - SAEB-Flow - INFO -     [Dynamics Audit] CosSim: -0.236 | TargetNorm: 20.000
2026-02-22 23:09:01,718 - SAEB-Flow - INFO -     [ERL Rollout] Consolidating Physics & Biological Magnets (M=23.14)
2026-02-22 23:09:01,719 - SAEB-Flow - INFO -    Step 200 | E: 5582623.50 | Alpha: 0.426 | ETA: 1.1m
2026-02-22 23:09:01,807 - SAEB-Flow - INFO -    Step 200: Loss=511.45, E_min=111136.05, Alpha=0.426
2026-02-22 23:09:26,925 - SAEB-Flow - INFO -     Cropped to 740 atoms with SPE Caching.
2026-02-22 23:09:27,435 - SAEB-Flow - INFO -     [ERL Rollout] Consolidating Physics & Biological Magnets (M=31.52)
2026-02-22 23:09:27,436 - SAEB-Flow - INFO -    Step 250 | E: 8397432.00 | Alpha: 0.050 | ETA: 0.5m
2026-02-22 23:09:51,054 - SAEB-Flow - INFO -     [PyMOL] Generating 3D overlay script: view_1UYD_SAEB-Flow.pml
2026-02-22 23:09:51,837 - SAEB-Flow - ERROR -  Experiment Suite Failed: name 'data' is not defined
2026-02-22 23:09:51,844 - SAEB-Flow - ERROR - Traceback (most recent call last):
  File "D:\Drug\src\lite_experiment_suite.py", line 4192, in <module>
    hist = exp.run()
           ^^^^^^^^^
  File "D:\Drug\src\lite_experiment_suite.py", line 3671, in run
    if data.edge_index is not None and data.edge_index.size(1) > 0:
       ^^^^
NameError: name 'data' is not defined

2026-02-22 23:15:02,462 - SAEB-Flow - INFO -  CPU Turbo Enabled: 16 threads utilized.
2026-02-22 23:15:02,527 - SAEB-Flow - INFO -    >>> Running 1UYD with configuration: SAEB-Flow
2026-02-22 23:15:02,529 - SAEB-Flow - INFO - Embedding Module: esm_embeddings.pt missing. Dynamic embedding mode enabled.
2026-02-22 23:15:02,538 - SAEB-Flow - INFO - Starting SAEB-Flow Production Run on 1UYD_SAEB-Flow...
2026-02-22 23:15:02,586 - SAEB-Flow - INFO -     [Data] Found dominant ligand PU8 with 28 atoms.
2026-02-22 23:15:02,637 - SAEB-Flow - INFO -     Successfully extracted ligand template (PU8).
2026-02-22 23:15:02,663 - SAEB-Flow - WARNING -     Inference/Blind Mode: Searching for Pocket via Protein Center (No Leakage)...
2026-02-22 23:15:02,734 - SAEB-Flow - INFO -    FiberBundle: 4 rotatable bonds, 28 atoms.
2026-02-22 23:15:02,735 - SAEB-Flow - INFO -    [Redocking] Pocket-Aware Mode active. Centering on ground truth.
2026-02-22 23:15:02,785 - SAEB-Flow - INFO -    [Multiverse] Applying Random 3D Rotations to clones to explore orientation space.
2026-02-22 23:15:02,788 - SAEBFlow - INFO - Loading ESM-2 Model (esm2_t33_650M_UR50D, fp32=False)...
2026-02-22 23:15:22,857 - SAEB-Flow - INFO -     Inference Mode: Freezing Model Weights & Enabling ProSeCo.
2026-02-22 23:15:46,726 - SAEB-Flow - INFO -     Keeping Perception Models on device for stability.
2026-02-22 23:15:46,971 - SAEB-Flow - INFO -    Running 300 steps of Optimization...
2026-02-22 23:15:47,017 - SAEB-Flow - INFO -     Cropped to 634 atoms with SPE Caching.
2026-02-22 23:15:49,049 - SAEB-Flow - INFO -     [Dynamics Audit] CosSim: -0.264 | TargetNorm: 20.000
2026-02-22 23:15:49,052 - SAEB-Flow - INFO -    Step 000 | E: 1119764.38 | Alpha: 5.000 | ETA: 0.0m
2026-02-22 23:15:49,128 - SAEB-Flow - INFO -    Step 0: Loss=512.41, E_min=22669.93, Alpha=5.000
2026-02-22 23:16:43,355 - SAEB-Flow - INFO -     Cropped to 742 atoms with SPE Caching.
2026-02-22 23:16:44,088 - SAEB-Flow - INFO -     [ERL Rollout] Consolidating Physics & Biological Magnets (M=21.85)
2026-02-22 23:16:44,089 - SAEB-Flow - INFO -    Step 050 | E: 2327879.25 | Alpha: 2.000 | ETA: 8.3m
2026-02-22 23:17:22,556 - SAEB-Flow - INFO -     Cropped to 741 atoms with SPE Caching.
2026-02-22 23:17:23,106 - SAEB-Flow - INFO -     [Dynamics Audit] CosSim: -0.203 | TargetNorm: 20.000
2026-02-22 23:17:23,353 - SAEB-Flow - INFO -     [ERL Rollout] Consolidating Physics & Biological Magnets (M=22.05)
2026-02-22 23:17:23,354 - SAEB-Flow - INFO -    Step 100 | E: 2352261.50 | Alpha: 1.870 | ETA: 4.6m
2026-02-22 23:17:23,462 - SAEB-Flow - INFO -    Step 100: Loss=512.56, E_min=47127.36, Alpha=1.870
2026-02-23 02:47:24,587 - SAEB-Flow - INFO -  CPU Turbo Enabled: 16 threads utilized.
2026-02-23 02:47:24,599 - SAEB-Flow - INFO -    >>> Running 1UYD with configuration: SAEB-Flow
2026-02-23 02:47:24,600 - SAEB-Flow - INFO - Embedding Module: esm_embeddings.pt missing. Dynamic embedding mode enabled.
2026-02-23 02:47:24,630 - SAEB-Flow - INFO - Starting SAEB-Flow Production Run on 1UYD_SAEB-Flow...
2026-02-23 02:47:24,688 - SAEB-Flow - INFO -     [Data] Found dominant ligand PU8 with 28 atoms.
2026-02-23 02:47:24,788 - SAEB-Flow - INFO -     Successfully extracted ligand template (PU8).
2026-02-23 02:47:24,816 - SAEB-Flow - WARNING -     Inference/Blind Mode: Searching for Pocket via Protein Center (No Leakage)...
2026-02-23 02:47:24,938 - SAEB-Flow - INFO -    FiberBundle: 4 rotatable bonds, 28 atoms.
2026-02-23 02:47:24,999 - SAEBFlow - INFO - Loading ESM-2 Model (esm2_t33_650M_UR50D, fp32=False)...
2026-02-23 02:47:56,078 - SAEB-Flow - INFO -     Keeping Perception Models on device for stability.
2026-02-23 02:47:56,107 - SAEB-Flow - INFO -    Running 10 steps of Optimization...
2026-02-23 02:47:56,130 - SAEB-Flow - INFO -     Cropped to 690 atoms with SPE Caching.
2026-02-23 02:47:57,603 - SAEB-Flow - INFO -     [Dynamics Audit] CosSim: 0.272 | TargetNorm: 20.000
2026-02-23 02:47:57,603 - SAEB-Flow - INFO -    Step 000 | E: 1773469.62 | Alpha: 5.000 | ETA: 0.0m
2026-02-23 02:47:57,726 - SAEB-Flow - INFO -    Step 0: Loss=12225.09, E_min=35609.65, Alpha=5.000
2026-02-23 02:47:58,139 - SAEBFlow - ERROR -  [SAEB-Flow] Energy-guided interpolation failed: element 0 of tensors does not require grad and does not have a grad_fn. Falling back to linear.
2026-02-23 02:47:58,654 - SAEBFlow - ERROR -  [SAEB-Flow] Energy-guided interpolation failed: element 0 of tensors does not require grad and does not have a grad_fn. Falling back to linear.
2026-02-23 02:47:59,140 - SAEBFlow - ERROR -  [SAEB-Flow] Energy-guided interpolation failed: element 0 of tensors does not require grad and does not have a grad_fn. Falling back to linear.
2026-02-23 02:47:59,621 - SAEBFlow - ERROR -  [SAEB-Flow] Energy-guided interpolation failed: element 0 of tensors does not require grad and does not have a grad_fn. Falling back to linear.
2026-02-23 02:48:00,054 - SAEBFlow - ERROR -  [SAEB-Flow] Energy-guided interpolation failed: element 0 of tensors does not require grad and does not have a grad_fn. Falling back to linear.
2026-02-23 02:48:00,519 - SAEBFlow - ERROR -  [SAEB-Flow] Energy-guided interpolation failed: element 0 of tensors does not require grad and does not have a grad_fn. Falling back to linear.
2026-02-23 02:48:00,944 - SAEBFlow - ERROR -  [SAEB-Flow] Energy-guided interpolation failed: element 0 of tensors does not require grad and does not have a grad_fn. Falling back to linear.
2026-02-23 02:48:01,475 - SAEBFlow - ERROR -  [SAEB-Flow] Energy-guided interpolation failed: element 0 of tensors does not require grad and does not have a grad_fn. Falling back to linear.
2026-02-23 02:48:01,896 - SAEBFlow - ERROR -  [SAEB-Flow] Energy-guided interpolation failed: element 0 of tensors does not require grad and does not have a grad_fn. Falling back to linear.
2026-02-23 02:48:01,948 - SAEB-Flow - INFO -     [PyMOL] Generating 3D overlay script: view_1UYD_SAEB-Flow.pml
2026-02-23 02:48:02,550 - SAEB-Flow - INFO -      [PoseBusters Audit] Atomic Clashes (<0.8A): 0, Bond Violations: 10
2026-02-23 02:48:03,335 - SAEB-Flow - INFO -  Optimization Finished. Best RMSD: 1.89 A, Pot: 419727.38, Int-RMSD: 3.82, Steps@-7: 10
2026-02-23 02:48:03,335 - SAEB-Flow - INFO -    Initiating L-BFGS Gradient Refinement (Steps: 500)...
2026-02-23 02:48:07,591 - SAEB-Flow - INFO -    [L-BFGS] Convergence Reached. Final System Energy: 500.03
2026-02-23 02:48:07,594 - SAEB-Flow - INFO - [Experiment Final Result] MCMC Refined RMSD: 1.91 A, Energy: 500.03
2026-02-23 02:48:10,558 - SAEB-Flow - ERROR -  Experiment Suite Failed: 'numpy.ndarray' object has no attribute 'numpy'
2026-02-23 02:48:10,565 - SAEB-Flow - ERROR - Traceback (most recent call last):
  File "D:\Drug\src\lite_experiment_suite.py", line 4209, in <module>
    hist = exp.run()
           ^^^^^^^^^
  File "D:\Drug\src\lite_experiment_suite.py", line 3865, in run
    mol0 = reconstruct_mol_from_points(self.step0_pos[0].numpy(), None, template_mol=self.ligand_template)
                                       ^^^^^^^^^^^^^^^^^^^^^^^
AttributeError: 'numpy.ndarray' object has no attribute 'numpy'. Did you mean: 'dump'?

2026-02-23 02:49:02,715 - SAEB-Flow - INFO -  CPU Turbo Enabled: 16 threads utilized.
2026-02-23 02:49:02,724 - SAEB-Flow - INFO -    >>> Running 1UYD with configuration: SAEB-Flow
2026-02-23 02:49:02,725 - SAEB-Flow - INFO - Embedding Module: esm_embeddings.pt missing. Dynamic embedding mode enabled.
2026-02-23 02:49:02,728 - SAEB-Flow - INFO - Starting SAEB-Flow Production Run on 1UYD_SAEB-Flow...
2026-02-23 02:49:02,787 - SAEB-Flow - INFO -     [Data] Found dominant ligand PU8 with 28 atoms.
2026-02-23 02:49:02,836 - SAEB-Flow - INFO -     Successfully extracted ligand template (PU8).
2026-02-23 02:49:02,853 - SAEB-Flow - WARNING -     Inference/Blind Mode: Searching for Pocket via Protein Center (No Leakage)...
2026-02-23 02:49:02,916 - SAEB-Flow - INFO -    FiberBundle: 4 rotatable bonds, 28 atoms.
2026-02-23 02:49:02,952 - SAEBFlow - INFO - Loading ESM-2 Model (esm2_t33_650M_UR50D, fp32=False)...
2026-02-23 02:49:31,274 - SAEB-Flow - INFO -     Keeping Perception Models on device for stability.
2026-02-23 02:49:31,434 - SAEB-Flow - INFO -    Running 10 steps of Optimization...
2026-02-23 02:49:31,453 - SAEB-Flow - INFO -     Cropped to 690 atoms with SPE Caching.
2026-02-23 02:49:33,397 - SAEB-Flow - INFO -     [Dynamics Audit] CosSim: 0.272 | TargetNorm: 20.000
2026-02-23 02:49:33,397 - SAEB-Flow - INFO -    Step 000 | E: 1773469.62 | Alpha: 5.000 | ETA: 0.0m
2026-02-23 02:49:33,506 - SAEB-Flow - INFO -    Step 0: Loss=12225.09, E_min=35609.65, Alpha=5.000
2026-02-23 02:49:33,912 - SAEBFlow - ERROR -  [SAEB-Flow] Energy-guided interpolation failed: element 0 of tensors does not require grad and does not have a grad_fn. Falling back to linear.
2026-02-23 02:49:34,541 - SAEBFlow - ERROR -  [SAEB-Flow] Energy-guided interpolation failed: element 0 of tensors does not require grad and does not have a grad_fn. Falling back to linear.
2026-02-23 02:49:35,111 - SAEBFlow - ERROR -  [SAEB-Flow] Energy-guided interpolation failed: element 0 of tensors does not require grad and does not have a grad_fn. Falling back to linear.
2026-02-23 02:49:35,739 - SAEBFlow - ERROR -  [SAEB-Flow] Energy-guided interpolation failed: element 0 of tensors does not require grad and does not have a grad_fn. Falling back to linear.
2026-02-23 02:49:36,244 - SAEBFlow - ERROR -  [SAEB-Flow] Energy-guided interpolation failed: element 0 of tensors does not require grad and does not have a grad_fn. Falling back to linear.
2026-02-23 02:49:36,710 - SAEBFlow - ERROR -  [SAEB-Flow] Energy-guided interpolation failed: element 0 of tensors does not require grad and does not have a grad_fn. Falling back to linear.
2026-02-23 02:49:37,229 - SAEBFlow - ERROR -  [SAEB-Flow] Energy-guided interpolation failed: element 0 of tensors does not require grad and does not have a grad_fn. Falling back to linear.
2026-02-23 02:49:37,748 - SAEBFlow - ERROR -  [SAEB-Flow] Energy-guided interpolation failed: element 0 of tensors does not require grad and does not have a grad_fn. Falling back to linear.
2026-02-23 02:49:38,230 - SAEBFlow - ERROR -  [SAEB-Flow] Energy-guided interpolation failed: element 0 of tensors does not require grad and does not have a grad_fn. Falling back to linear.
2026-02-23 02:49:38,295 - SAEB-Flow - INFO -     [PyMOL] Generating 3D overlay script: view_1UYD_SAEB-Flow.pml
2026-02-23 02:49:38,942 - SAEB-Flow - INFO -      [PoseBusters Audit] Atomic Clashes (<0.8A): 0, Bond Violations: 10
2026-02-23 02:49:39,913 - SAEB-Flow - INFO -  Optimization Finished. Best RMSD: 1.89 A, Pot: 419727.38, Int-RMSD: 3.82, Steps@-7: 10
2026-02-23 02:49:39,914 - SAEB-Flow - INFO -    Initiating L-BFGS Gradient Refinement (Steps: 500)...
2026-02-23 02:49:44,409 - SAEB-Flow - INFO -    [L-BFGS] Convergence Reached. Final System Energy: 500.03
2026-02-23 02:49:44,411 - SAEB-Flow - INFO - [Experiment Final Result] MCMC Refined RMSD: 1.91 A, Energy: 500.03
2026-02-23 02:49:47,956 - SAEB-Flow - ERROR -  Experiment Suite Failed: 'numpy.ndarray' object has no attribute 'numpy'
2026-02-23 02:49:47,963 - SAEB-Flow - ERROR - Traceback (most recent call last):
  File "D:\Drug\src\lite_experiment_suite.py", line 4209, in <module>
    hist = exp.run()
           ^^^^^^^^^
  File "D:\Drug\src\lite_experiment_suite.py", line 3865, in run
    mol0 = reconstruct_mol_from_points(self.step0_pos[0].numpy(), None, template_mol=self.ligand_template)
                                       ^^^^^^^^^^^^^^^^^^^^^^^
AttributeError: 'numpy.ndarray' object has no attribute 'numpy'. Did you mean: 'dump'?

2026-02-23 02:49:59,214 - SAEB-Flow - INFO -  CPU Turbo Enabled: 16 threads utilized.
2026-02-23 02:49:59,218 - SAEB-Flow - INFO -    >>> Running 1UYD with configuration: SAEB-Flow
2026-02-23 02:49:59,218 - SAEB-Flow - INFO - Embedding Module: esm_embeddings.pt missing. Dynamic embedding mode enabled.
2026-02-23 02:49:59,221 - SAEB-Flow - INFO - Starting SAEB-Flow Production Run on 1UYD_SAEB-Flow...
2026-02-23 02:49:59,362 - SAEB-Flow - INFO -     [Data] Found dominant ligand PU8 with 28 atoms.
2026-02-23 02:49:59,411 - SAEB-Flow - INFO -     Successfully extracted ligand template (PU8).
2026-02-23 02:49:59,427 - SAEB-Flow - WARNING -     Inference/Blind Mode: Searching for Pocket via Protein Center (No Leakage)...
2026-02-23 02:49:59,495 - SAEB-Flow - INFO -    FiberBundle: 4 rotatable bonds, 28 atoms.
2026-02-23 02:49:59,535 - SAEBFlow - INFO - Loading ESM-2 Model (esm2_t33_650M_UR50D, fp32=False)...
2026-02-23 02:50:23,291 - SAEB-Flow - INFO -     Keeping Perception Models on device for stability.
2026-02-23 02:50:23,475 - SAEB-Flow - INFO -    Running 10 steps of Optimization...
2026-02-23 02:50:23,499 - SAEB-Flow - INFO -     Cropped to 690 atoms with SPE Caching.
2026-02-23 02:50:25,107 - SAEB-Flow - INFO -     [Dynamics Audit] CosSim: 0.272 | TargetNorm: 20.000
2026-02-23 02:50:25,108 - SAEB-Flow - INFO -    Step 000 | E: 1773469.62 | Alpha: 5.000 | ETA: 0.0m
2026-02-23 02:50:25,229 - SAEB-Flow - INFO -    Step 0: Loss=12225.09, E_min=35609.65, Alpha=5.000
2026-02-23 02:50:25,558 - SAEBFlow - ERROR -  [SAEB-Flow] Energy-guided interpolation failed: element 0 of tensors does not require grad and does not have a grad_fn. Falling back to linear.
2026-02-23 02:50:25,957 - SAEBFlow - ERROR -  [SAEB-Flow] Energy-guided interpolation failed: element 0 of tensors does not require grad and does not have a grad_fn. Falling back to linear.
2026-02-23 02:50:26,333 - SAEBFlow - ERROR -  [SAEB-Flow] Energy-guided interpolation failed: element 0 of tensors does not require grad and does not have a grad_fn. Falling back to linear.
2026-02-23 02:50:26,789 - SAEBFlow - ERROR -  [SAEB-Flow] Energy-guided interpolation failed: element 0 of tensors does not require grad and does not have a grad_fn. Falling back to linear.
2026-02-23 02:50:27,215 - SAEBFlow - ERROR -  [SAEB-Flow] Energy-guided interpolation failed: element 0 of tensors does not require grad and does not have a grad_fn. Falling back to linear.
2026-02-23 02:50:27,645 - SAEBFlow - ERROR -  [SAEB-Flow] Energy-guided interpolation failed: element 0 of tensors does not require grad and does not have a grad_fn. Falling back to linear.
2026-02-23 02:50:28,159 - SAEBFlow - ERROR -  [SAEB-Flow] Energy-guided interpolation failed: element 0 of tensors does not require grad and does not have a grad_fn. Falling back to linear.
2026-02-23 02:50:28,596 - SAEBFlow - ERROR -  [SAEB-Flow] Energy-guided interpolation failed: element 0 of tensors does not require grad and does not have a grad_fn. Falling back to linear.
2026-02-23 02:50:29,014 - SAEBFlow - ERROR -  [SAEB-Flow] Energy-guided interpolation failed: element 0 of tensors does not require grad and does not have a grad_fn. Falling back to linear.
2026-02-23 02:50:29,068 - SAEB-Flow - INFO -     [PyMOL] Generating 3D overlay script: view_1UYD_SAEB-Flow.pml
2026-02-23 02:50:29,637 - SAEB-Flow - INFO -      [PoseBusters Audit] Atomic Clashes (<0.8A): 0, Bond Violations: 10
2026-02-23 02:50:30,485 - SAEB-Flow - INFO -  Optimization Finished. Best RMSD: 1.89 A, Pot: 419727.38, Int-RMSD: 3.82, Steps@-7: 10
2026-02-23 02:50:30,486 - SAEB-Flow - INFO -    Initiating L-BFGS Gradient Refinement (Steps: 500)...
2026-02-23 02:50:34,621 - SAEB-Flow - INFO -    [L-BFGS] Convergence Reached. Final System Energy: 500.03
2026-02-23 02:50:34,623 - SAEB-Flow - INFO - [Experiment Final Result] MCMC Refined RMSD: 1.91 A, Energy: 500.03
2026-02-23 02:50:37,419 - SAEB-Flow - ERROR -  Experiment Suite Failed: 'numpy.ndarray' object has no attribute 'numpy'
2026-02-23 02:50:37,426 - SAEB-Flow - ERROR - Traceback (most recent call last):
  File "D:\Drug\src\lite_experiment_suite.py", line 4209, in <module>
    hist = exp.run()
           ^^^^^^^^^
  File "D:\Drug\src\lite_experiment_suite.py", line 3865, in run
    mol0 = reconstruct_mol_from_points(self.step0_pos[0].numpy(), None, template_mol=self.ligand_template)
                                       ^^^^^^^^^^^^^^^^^^^^^^^
AttributeError: 'numpy.ndarray' object has no attribute 'numpy'. Did you mean: 'dump'?

2026-02-23 02:52:44,083 - SAEB-Flow - INFO -  CPU Turbo Enabled: 16 threads utilized.
2026-02-23 02:52:44,088 - SAEB-Flow - INFO -    >>> Running 1UYD with configuration: SAEB-Flow
2026-02-23 02:52:44,089 - SAEB-Flow - INFO - Embedding Module: esm_embeddings.pt missing. Dynamic embedding mode enabled.
2026-02-23 02:52:44,092 - SAEB-Flow - INFO - Starting SAEB-Flow Production Run on 1UYD_SAEB-Flow...
2026-02-23 02:52:44,155 - SAEB-Flow - INFO -     [Data] Found dominant ligand PU8 with 28 atoms.
2026-02-23 02:52:44,205 - SAEB-Flow - INFO -     Successfully extracted ligand template (PU8).
2026-02-23 02:52:44,223 - SAEB-Flow - WARNING -     Inference/Blind Mode: Searching for Pocket via Protein Center (No Leakage)...
2026-02-23 02:52:44,289 - SAEB-Flow - INFO -    FiberBundle: 4 rotatable bonds, 28 atoms.
2026-02-23 02:52:44,331 - SAEBFlow - INFO - Loading ESM-2 Model (esm2_t33_650M_UR50D, fp32=False)...
2026-02-23 02:53:07,886 - SAEB-Flow - INFO -     Keeping Perception Models on device for stability.
2026-02-23 02:53:08,029 - SAEB-Flow - INFO -    Running 10 steps of Optimization...
2026-02-23 02:53:08,049 - SAEB-Flow - INFO -     Cropped to 690 atoms with SPE Caching.
2026-02-23 02:53:09,572 - SAEB-Flow - INFO -     [Dynamics Audit] CosSim: 0.272 | TargetNorm: 20.000
2026-02-23 02:53:09,574 - SAEB-Flow - INFO -    Step 000 | E: 1773469.62 | Alpha: 5.000 | ETA: 0.0m
2026-02-23 02:53:09,690 - SAEB-Flow - INFO -    Step 0: Loss=12225.09, E_min=35609.65, Alpha=5.000
2026-02-23 02:53:14,030 - SAEB-Flow - INFO -     [PyMOL] Generating 3D overlay script: view_1UYD_SAEB-Flow.pml
2026-02-23 02:53:14,617 - SAEB-Flow - INFO -      [PoseBusters Audit] Atomic Clashes (<0.8A): 0, Bond Violations: 10
2026-02-23 02:53:15,381 - SAEB-Flow - INFO -  Optimization Finished. Best RMSD: 1.89 A, Pot: 419727.38, Int-RMSD: 3.82, Steps@-7: 10
2026-02-23 02:53:15,381 - SAEB-Flow - INFO -    Initiating L-BFGS Gradient Refinement (Steps: 500)...
2026-02-23 02:53:19,954 - SAEB-Flow - INFO -    [L-BFGS] Convergence Reached. Final System Energy: 500.03
2026-02-23 02:53:19,957 - SAEB-Flow - INFO - [Experiment Final Result] MCMC Refined RMSD: 1.91 A, Energy: 500.03
2026-02-23 02:53:22,859 - SAEB-Flow - ERROR -  [Critical] Reconstruction failed: too many indices for array: array is 1-dimensional, but 2 were indexed
2026-02-23 02:53:23,672 - SAEB-Flow - INFO -    [Visualization] Flow Field regenerated as PCA projection: flow_1UYD_SAEB-Flow_Muon.pdf
2026-02-23 02:53:23,710 - SAEB-Flow - ERROR -  Report Generation Failed: 'Diversity'
2026-02-23 02:53:23,722 - SAEB-Flow - ERROR - Traceback (most recent call last):
  File "C:\Users\user\AppData\Local\Programs\Python\Python312\Lib\site-packages\pandas\core\indexes\base.py", line 3812, in get_loc
    return self._engine.get_loc(casted_key)
           ^^^^^^^^^^^^^^^^^^^^^^^^^^^^^^^^
  File "pandas/_libs/index.pyx", line 167, in pandas._libs.index.IndexEngine.get_loc
  File "pandas/_libs/index.pyx", line 196, in pandas._libs.index.IndexEngine.get_loc
  File "pandas/_libs/hashtable_class_helper.pxi", line 7088, in pandas._libs.hashtable.PyObjectHashTable.get_item
  File "pandas/_libs/hashtable_class_helper.pxi", line 7096, in pandas._libs.hashtable.PyObjectHashTable.get_item
KeyError: 'Diversity'

The above exception was the direct cause of the following exception:

Traceback (most recent call last):
  File "D:\Drug\src\lite_experiment_suite.py", line 4028, in generate_master_report
    viz.plot_diversity_pareto(df_final, filename="fig3_diversity_pareto.pdf")
  File "D:\Drug\src\lite_experiment_suite.py", line 2297, in plot_diversity_pareto
    diversity = sub['Int-RMSD'].astype(float) if 'Int-RMSD' in sub.columns else sub['Diversity'].astype(float)
                                                                                ~~~^^^^^^^^^^^^^
  File "C:\Users\user\AppData\Local\Programs\Python\Python312\Lib\site-packages\pandas\core\frame.py", line 4113, in __getitem__
    indexer = self.columns.get_loc(key)
              ^^^^^^^^^^^^^^^^^^^^^^^^^
  File "C:\Users\user\AppData\Local\Programs\Python\Python312\Lib\site-packages\pandas\core\indexes\base.py", line 3819, in get_loc
    raise KeyError(key) from err
KeyError: 'Diversity'

2026-02-23 02:56:06,477 - SAEB-Flow - INFO -  CPU Turbo Enabled: 16 threads utilized.
2026-02-23 02:56:06,481 - SAEB-Flow - INFO -    >>> Running 1UYD with configuration: SAEB-Flow
2026-02-23 02:56:06,482 - SAEB-Flow - INFO - Embedding Module: esm_embeddings.pt missing. Dynamic embedding mode enabled.
2026-02-23 02:56:06,485 - SAEB-Flow - INFO - Starting SAEB-Flow Production Run on 1UYD_SAEB-Flow...
2026-02-23 02:56:06,540 - SAEB-Flow - INFO -     [Data] Found dominant ligand PU8 with 28 atoms.
2026-02-23 02:56:06,599 - SAEB-Flow - INFO -     Successfully extracted ligand template (PU8).
2026-02-23 02:56:06,621 - SAEB-Flow - WARNING -     Inference/Blind Mode: Searching for Pocket via Protein Center (No Leakage)...
2026-02-23 02:56:06,689 - SAEB-Flow - INFO -    FiberBundle: 4 rotatable bonds, 28 atoms.
2026-02-23 02:56:06,736 - SAEBFlow - INFO - Loading ESM-2 Model (esm2_t33_650M_UR50D, fp32=False)...
2026-02-23 02:56:52,402 - SAEB-Flow - INFO -     Keeping Perception Models on device for stability.
2026-02-23 02:56:52,444 - SAEB-Flow - INFO -    Running 10 steps of Optimization...
2026-02-23 02:56:52,468 - SAEB-Flow - INFO -     Cropped to 690 atoms with SPE Caching.
2026-02-23 02:56:55,129 - SAEB-Flow - INFO -     [Dynamics Audit] CosSim: 0.272 | TargetNorm: 20.000
2026-02-23 02:56:55,130 - SAEB-Flow - INFO -    Step 000 | E: 1773469.62 | Alpha: 5.000 | ETA: 0.0m
2026-02-23 02:56:55,263 - SAEB-Flow - INFO -    Step 0: Loss=12225.09, E_min=35609.65, Alpha=5.000
2026-02-23 02:57:01,815 - SAEB-Flow - INFO -     [PyMOL] Generating 3D overlay script: view_1UYD_SAEB-Flow.pml
2026-02-23 02:57:02,655 - SAEB-Flow - INFO -      [PoseBusters Audit] Atomic Clashes (<0.8A): 0, Bond Violations: 10
2026-02-23 02:57:04,008 - SAEB-Flow - INFO -  Optimization Finished. Best RMSD: 1.89 A, Pot: 419727.38, Int-RMSD: 3.82, Steps@-7: 10
2026-02-23 02:57:04,009 - SAEB-Flow - INFO -    Initiating L-BFGS Gradient Refinement (Steps: 500)...
2026-02-23 02:57:11,748 - SAEB-Flow - INFO -    [L-BFGS] Convergence Reached. Final System Energy: 500.03
2026-02-23 02:57:11,752 - SAEB-Flow - INFO - [Experiment Final Result] MCMC Refined RMSD: 1.91 A, Energy: 500.03
2026-02-23 02:57:19,234 - SAEB-Flow - INFO -    [Visualization] Flow Field regenerated as PCA projection: flow_1UYD_SAEB-Flow_Muon.pdf
2026-02-23 02:57:19,300 - SAEB-Flow - ERROR -  Report Generation Failed: could not convert string to float: 'N/A'
2026-02-23 02:57:19,420 - SAEB-Flow - ERROR - Traceback (most recent call last):
  File "D:\Drug\src\lite_experiment_suite.py", line 4036, in generate_master_report
    viz.plot_diversity_pareto(df_final, filename="fig3_diversity_pareto.pdf")
  File "D:\Drug\src\lite_experiment_suite.py", line 2304, in plot_diversity_pareto
    energies = sub['Binding Pot.'].astype(float) if 'Binding Pot.' in sub.columns else sub['Energy'].astype(float)
                                                                                       ^^^^^^^^^^^^^^^^^^^^^^^^^^^
  File "C:\Users\user\AppData\Local\Programs\Python\Python312\Lib\site-packages\pandas\core\generic.py", line 6665, in astype
    new_data = self._mgr.astype(dtype=dtype, copy=copy, errors=errors)
               ^^^^^^^^^^^^^^^^^^^^^^^^^^^^^^^^^^^^^^^^^^^^^^^^^^^^^^^
  File "C:\Users\user\AppData\Local\Programs\Python\Python312\Lib\site-packages\pandas\core\internals\managers.py", line 449, in astype
    return self.apply(
           ^^^^^^^^^^^
  File "C:\Users\user\AppData\Local\Programs\Python\Python312\Lib\site-packages\pandas\core\internals\managers.py", line 363, in apply
    applied = getattr(b, f)(**kwargs)
              ^^^^^^^^^^^^^^^^^^^^^^^
  File "C:\Users\user\AppData\Local\Programs\Python\Python312\Lib\site-packages\pandas\core\internals\blocks.py", line 784, in astype
    new_values = astype_array_safe(values, dtype, copy=copy, errors=errors)
                 ^^^^^^^^^^^^^^^^^^^^^^^^^^^^^^^^^^^^^^^^^^^^^^^^^^^^^^^^^^
  File "C:\Users\user\AppData\Local\Programs\Python\Python312\Lib\site-packages\pandas\core\dtypes\astype.py", line 237, in astype_array_safe
    new_values = astype_array(values, dtype, copy=copy)
                 ^^^^^^^^^^^^^^^^^^^^^^^^^^^^^^^^^^^^^^
  File "C:\Users\user\AppData\Local\Programs\Python\Python312\Lib\site-packages\pandas\core\dtypes\astype.py", line 182, in astype_array
    values = _astype_nansafe(values, dtype, copy=copy)
             ^^^^^^^^^^^^^^^^^^^^^^^^^^^^^^^^^^^^^^^^^
  File "C:\Users\user\AppData\Local\Programs\Python\Python312\Lib\site-packages\pandas\core\dtypes\astype.py", line 133, in _astype_nansafe
    return arr.astype(dtype, copy=True)
           ^^^^^^^^^^^^^^^^^^^^^^^^^^^^
ValueError: could not convert string to float: 'N/A'

2026-02-23 02:58:37,880 - SAEB-Flow - INFO -  CPU Turbo Enabled: 16 threads utilized.
2026-02-23 02:58:38,045 - SAEB-Flow - INFO -    >>> Running 1UYD with configuration: SAEB-Flow
2026-02-23 02:58:38,046 - SAEB-Flow - INFO - Embedding Module: esm_embeddings.pt missing. Dynamic embedding mode enabled.
2026-02-23 02:58:38,322 - SAEB-Flow - INFO - Starting SAEB-Flow Production Run on 1UYD_SAEB-Flow...
2026-02-23 02:58:40,106 - SAEB-Flow - INFO -     [Data] Found dominant ligand PU8 with 28 atoms.
2026-02-23 02:58:40,213 - SAEB-Flow - INFO -     Successfully extracted ligand template (PU8).
2026-02-23 02:58:40,273 - SAEB-Flow - WARNING -     Inference/Blind Mode: Searching for Pocket via Protein Center (No Leakage)...
2026-02-23 02:58:40,394 - SAEB-Flow - INFO -    FiberBundle: 4 rotatable bonds, 28 atoms.
2026-02-23 02:58:40,478 - SAEBFlow - INFO - Loading ESM-2 Model (esm2_t33_650M_UR50D, fp32=False)...
2026-02-23 02:59:12,968 - SAEB-Flow - INFO -     Keeping Perception Models on device for stability.
2026-02-23 02:59:12,996 - SAEB-Flow - INFO -    Running 10 steps of Optimization...
2026-02-23 02:59:13,017 - SAEB-Flow - INFO -     Cropped to 690 atoms with SPE Caching.
2026-02-23 02:59:14,763 - SAEB-Flow - INFO -     [Dynamics Audit] CosSim: 0.272 | TargetNorm: 20.000
2026-02-23 02:59:14,764 - SAEB-Flow - INFO -    Step 000 | E: 1773469.62 | Alpha: 5.000 | ETA: 0.0m
2026-02-23 02:59:14,871 - SAEB-Flow - INFO -    Step 0: Loss=12225.09, E_min=35609.65, Alpha=5.000
2026-02-23 02:59:19,196 - SAEB-Flow - INFO -     [PyMOL] Generating 3D overlay script: view_1UYD_SAEB-Flow.pml
2026-02-23 02:59:19,810 - SAEB-Flow - INFO -      [PoseBusters Audit] Atomic Clashes (<0.8A): 0, Bond Violations: 10
2026-02-23 02:59:20,860 - SAEB-Flow - INFO -  Optimization Finished. Best RMSD: 1.89 A, Pot: 419727.38, Int-RMSD: 3.82, Steps@-7: 10
2026-02-23 02:59:20,862 - SAEB-Flow - INFO -    Initiating L-BFGS Gradient Refinement (Steps: 500)...
2026-02-23 02:59:24,992 - SAEB-Flow - INFO -    [L-BFGS] Convergence Reached. Final System Energy: 500.03
2026-02-23 02:59:24,994 - SAEB-Flow - INFO - [Experiment Final Result] MCMC Refined RMSD: 1.91 A, Energy: 500.03
2026-02-23 02:59:28,646 - SAEB-Flow - INFO -    [Visualization] Flow Field regenerated as PCA projection: flow_1UYD_SAEB-Flow_Muon.pdf
2026-02-23 03:00:51,793 - SAEB-Flow - INFO -  CPU Turbo Enabled: 16 threads utilized.
2026-02-23 03:00:51,798 - SAEB-Flow - INFO -    >>> Running 1UYD with configuration: SAEB-Flow
2026-02-23 03:00:51,798 - SAEB-Flow - INFO - Embedding Module: esm_embeddings.pt missing. Dynamic embedding mode enabled.
2026-02-23 03:00:51,803 - SAEB-Flow - INFO - Starting SAEB-Flow Production Run on 1UYD_SAEB-Flow...
2026-02-23 03:00:51,867 - SAEB-Flow - INFO -     [Data] Found dominant ligand PU8 with 28 atoms.
2026-02-23 03:00:51,923 - SAEB-Flow - INFO -     Successfully extracted ligand template (PU8).
2026-02-23 03:00:51,941 - SAEB-Flow - WARNING -     Inference/Blind Mode: Searching for Pocket via Protein Center (No Leakage)...
2026-02-23 03:00:52,011 - SAEB-Flow - INFO -    FiberBundle: 4 rotatable bonds, 28 atoms.
2026-02-23 03:00:52,052 - SAEBFlow - INFO - Loading ESM-2 Model (esm2_t33_650M_UR50D, fp32=False)...
2026-02-23 03:01:12,646 - SAEB-Flow - INFO -     Keeping Perception Models on device for stability.
2026-02-23 03:01:12,994 - SAEB-Flow - INFO -    Running 10 steps of Optimization...
2026-02-23 03:01:13,012 - SAEB-Flow - INFO -     Cropped to 690 atoms with SPE Caching.
2026-02-23 03:01:14,737 - SAEB-Flow - INFO -     [Dynamics Audit] CosSim: 0.272 | TargetNorm: 20.000
2026-02-23 03:01:14,738 - SAEB-Flow - INFO -    Step 000 | E: 1773469.62 | Alpha: 5.000 | ETA: 0.0m
2026-02-23 03:01:14,867 - SAEB-Flow - INFO -    Step 0: Loss=12225.09, E_min=35609.65, Alpha=5.000
2026-02-23 03:01:18,740 - SAEB-Flow - INFO -     [PyMOL] Generating 3D overlay script: view_1UYD_SAEB-Flow.pml
2026-02-23 03:01:19,292 - SAEB-Flow - INFO -      [PoseBusters Audit] Atomic Clashes (<0.8A): 0, Bond Violations: 10
2026-02-23 03:01:20,012 - SAEB-Flow - INFO -  Optimization Finished. Best RMSD: 1.89 A, Pot: 419727.38, Int-RMSD: 3.82, Steps@-7: 10
2026-02-23 03:01:20,012 - SAEB-Flow - INFO -    Initiating L-BFGS Gradient Refinement (Steps: 500)...
2026-02-23 03:01:24,177 - SAEB-Flow - INFO -    [L-BFGS] Convergence Reached. Final System Energy: 500.03
2026-02-23 03:01:24,179 - SAEB-Flow - INFO - [Experiment Final Result] MCMC Refined RMSD: 1.91 A, Energy: 500.03
2026-02-23 03:01:28,429 - SAEB-Flow - INFO -    [Visualization] Flow Field regenerated as PCA projection: flow_1UYD_SAEB-Flow_Muon.pdf
2026-02-23 03:21:49,696 - SAEB-Flow - INFO -  CPU Turbo Enabled: 16 threads utilized.
2026-02-23 03:21:49,704 - SAEB-Flow - INFO -    >>> Running 1UYD with configuration: SAEB-Flow
2026-02-23 03:21:49,705 - SAEB-Flow - INFO - Embedding Module: esm_embeddings.pt missing. Dynamic embedding mode enabled.
2026-02-23 03:21:49,730 - SAEB-Flow - INFO - Starting SAEB-Flow Production Run on 1UYD_SAEB-Flow...
2026-02-23 03:21:49,777 - SAEB-Flow - INFO -     [Data] Found dominant ligand PU8 with 28 atoms.
2026-02-23 03:21:49,884 - SAEB-Flow - INFO -     Successfully extracted ligand template (PU8).
2026-02-23 03:21:49,910 - SAEB-Flow - WARNING -     Inference/Blind Mode: Searching for Pocket via Protein Center (No Leakage)...
2026-02-23 03:21:50,023 - SAEB-Flow - INFO -    FiberBundle: 4 rotatable bonds, 28 atoms.
2026-02-23 03:21:50,075 - SAEBFlow - INFO - Loading ESM-2 Model (esm2_t33_650M_UR50D, fp32=False)...
2026-02-23 03:22:16,391 - SAEB-Flow - INFO -     Keeping Perception Models on device for stability.
2026-02-23 03:22:16,527 - SAEB-Flow - INFO -    Running 10 steps of Optimization...
2026-02-23 03:22:16,544 - SAEB-Flow - INFO -     Cropped to 690 atoms with SPE Caching.
2026-02-23 03:22:18,036 - SAEB-Flow - INFO -     [Dynamics Audit] CosSim: 0.272 | TargetNorm: 20.000
2026-02-23 03:22:18,037 - SAEB-Flow - INFO -    Step 000 | E: 1773469.62 | Alpha: 5.000 | ETA: 0.0m
2026-02-23 03:22:18,156 - SAEB-Flow - INFO -    Step 0: Loss=12225.09, E_min=35609.65, Alpha=5.000
2026-02-23 03:22:22,136 - SAEB-Flow - INFO -     [PyMOL] Generating 3D overlay script: view_1UYD_SAEB-Flow.pml
2026-02-23 03:22:22,731 - SAEB-Flow - INFO -      [PoseBusters Audit] Atomic Clashes (<0.8A): 0, Bond Violations: 10
2026-02-23 03:22:23,525 - SAEB-Flow - INFO -  Optimization Finished. Best RMSD: 1.89 A, Pot: 419727.38, Int-RMSD: 3.82, Steps@-7: 10
2026-02-23 03:22:23,525 - SAEB-Flow - INFO -    Initiating L-BFGS Gradient Refinement (Steps: 500)...
2026-02-23 03:22:27,595 - SAEB-Flow - INFO -    [L-BFGS] Convergence Reached. Final System Energy: 500.03
2026-02-23 03:22:27,597 - SAEB-Flow - INFO - [Experiment Final Result] MCMC Refined RMSD: 1.91 A, Energy: 500.03
2026-02-23 03:22:31,424 - SAEB-Flow - INFO -    [Visualization] Flow Field regenerated as PCA projection: flow_1UYD_SAEB-Flow_Muon.pdf
2026-02-23 03:26:16,774 - SAEB-Flow - INFO -  CPU Turbo Enabled: 16 threads utilized.
2026-02-23 03:26:16,787 - SAEB-Flow - INFO -    >>> Running 1UYD with configuration: SAEB-Flow
2026-02-23 03:26:16,790 - SAEB-Flow - INFO - Embedding Module: esm_embeddings.pt missing. Dynamic embedding mode enabled.
2026-02-23 03:26:16,794 - SAEB-Flow - INFO - Starting SAEB-Flow Production Run on 1UYD_SAEB-Flow...
2026-02-23 03:26:16,850 - SAEB-Flow - INFO -     [Data] Found dominant ligand PU8 with 28 atoms.
2026-02-23 03:26:16,901 - SAEB-Flow - INFO -     Successfully extracted ligand template (PU8).
2026-02-23 03:26:16,919 - SAEB-Flow - WARNING -     Inference/Blind Mode: Searching for Pocket via Protein Center (No Leakage)...
2026-02-23 03:26:16,991 - SAEB-Flow - INFO -    FiberBundle: 4 rotatable bonds, 28 atoms.
2026-02-23 03:26:17,031 - SAEBFlow - INFO - Loading ESM-2 Model (esm2_t33_650M_UR50D, fp32=False)...
2026-02-23 03:26:44,778 - SAEB-Flow - INFO -     Keeping Perception Models on device for stability.
2026-02-23 03:26:44,924 - SAEB-Flow - INFO -    Running 10 steps of Optimization...
2026-02-23 03:26:44,947 - SAEB-Flow - INFO -     Cropped to 690 atoms with SPE Caching.
2026-02-23 03:26:46,562 - SAEB-Flow - INFO -     [Dynamics Audit] CosSim: 0.272 | TargetNorm: 20.000
2026-02-23 03:26:46,562 - SAEB-Flow - INFO -    Step 000 | E: 1773469.62 | Alpha: 5.000 | ETA: 0.0m
2026-02-23 03:26:46,665 - SAEB-Flow - INFO -    Step 0: Loss=12225.09, E_min=35609.65, Alpha=5.000
2026-02-23 03:26:50,797 - SAEB-Flow - INFO -     [PyMOL] Generating 3D overlay script: view_1UYD_SAEB-Flow.pml
2026-02-23 03:26:51,423 - SAEB-Flow - INFO -      [PoseBusters Audit] Atomic Clashes (<0.8A): 0, Bond Violations: 10
2026-02-23 03:26:52,151 - SAEB-Flow - INFO -  Optimization Finished. Best RMSD: 1.89 A, Pot: 419727.38, Int-RMSD: 3.82, Steps@-7: 10
2026-02-23 03:26:52,151 - SAEB-Flow - INFO -    Initiating L-BFGS Gradient Refinement (Steps: 500)...
2026-02-23 03:26:56,181 - SAEB-Flow - INFO -    [L-BFGS] Convergence Reached. Final System Energy: 500.03
2026-02-23 03:26:56,183 - SAEB-Flow - INFO - [Experiment Final Result] MCMC Refined RMSD: 1.91 A, Energy: 500.03
2026-02-23 03:27:00,035 - SAEB-Flow - INFO -    [Visualization] Flow Field regenerated as PCA projection: flow_1UYD_SAEB-Flow_Muon.pdf
2026-02-23 03:31:39,511 - SAEB-Flow - INFO -  CPU Turbo Enabled: 16 threads utilized.
2026-02-23 03:31:39,515 - SAEB-Flow - INFO -    >>> Running 1UYD with configuration: SAEB-Flow
2026-02-23 03:31:39,516 - SAEB-Flow - INFO - Embedding Module: esm_embeddings.pt missing. Dynamic embedding mode enabled.
2026-02-23 03:31:39,519 - SAEB-Flow - INFO - Starting SAEB-Flow Production Run on 1UYD_SAEB-Flow...
2026-02-23 03:31:39,572 - SAEB-Flow - INFO -     [Data] Found dominant ligand PU8 with 28 atoms.
2026-02-23 03:31:39,620 - SAEB-Flow - INFO -     Successfully extracted ligand template (PU8).
2026-02-23 03:31:39,640 - SAEB-Flow - WARNING -     Inference/Blind Mode: Searching for Pocket via Protein Center (No Leakage)...
2026-02-23 03:31:39,711 - SAEB-Flow - INFO -    FiberBundle: 4 rotatable bonds, 28 atoms.
2026-02-23 03:31:39,781 - SAEBFlow - INFO - Loading ESM-2 Model (esm2_t33_650M_UR50D, fp32=False)...
2026-02-23 03:32:02,214 - SAEB-Flow - INFO -     Keeping Perception Models on device for stability.
2026-02-23 03:32:02,656 - SAEB-Flow - INFO -    Running 10 steps of Optimization...
2026-02-23 03:32:02,683 - SAEB-Flow - INFO -     Cropped to 682 atoms with SPE Caching.
2026-02-23 03:32:04,420 - SAEB-Flow - INFO -     [Dynamics Audit] CosSim: -0.248 | TargetNorm: 20.000
2026-02-23 03:32:04,422 - SAEB-Flow - INFO -    Step 000 | E: 1677540.25 | Alpha: 5.000 | ETA: 0.0m
2026-02-23 03:32:04,625 - SAEB-Flow - INFO -    Step 0: Loss=11936.17, E_min=33725.19, Alpha=5.000
2026-02-23 03:32:11,671 - SAEB-Flow - INFO -     [PyMOL] Generating 3D overlay script: view_1UYD_SAEB-Flow.pml
2026-02-23 03:32:12,719 - SAEB-Flow - INFO -      [PoseBusters Audit] Atomic Clashes (<0.8A): 0, Bond Violations: 10
2026-02-23 03:32:13,606 - SAEB-Flow - INFO -  Optimization Finished. Best RMSD: 2.22 A, Pot: 397458.22, Int-RMSD: 3.78, Steps@-7: 10
2026-02-23 03:32:13,607 - SAEB-Flow - INFO -    Initiating L-BFGS Gradient Refinement (Steps: 500)...
2026-02-23 03:32:53,591 - SAEB-Flow - INFO -    [L-BFGS] Convergence Reached. Final System Energy: 503.90
2026-02-23 03:32:53,593 - SAEB-Flow - INFO - [Experiment Final Result] MCMC Refined RMSD: 2.24 A, Energy: 503.90
2026-02-23 08:04:54,193 - SAEB-Flow - INFO -  CPU Turbo Enabled: 16 threads utilized.
2026-02-23 08:04:54,203 - SAEB-Flow - INFO -    >>> Running 1UYD with configuration: SAEB-Flow
2026-02-23 08:04:54,204 - SAEB-Flow - INFO - Embedding Module: esm_embeddings.pt missing. Dynamic embedding mode enabled.
2026-02-23 08:04:54,236 - SAEB-Flow - INFO - Starting SAEB-Flow Production Run on 1UYD_SAEB-Flow...
2026-02-23 08:04:54,324 - SAEB-Flow - INFO -     [Data] Found dominant ligand PU8 with 28 atoms.
2026-02-23 08:04:54,421 - SAEB-Flow - INFO -     Successfully extracted ligand template (PU8).
2026-02-23 08:04:54,452 - SAEB-Flow - WARNING -     Inference/Blind Mode: Searching for Pocket via Protein Center (No Leakage)...
2026-02-23 08:04:54,793 - SAEB-Flow - INFO -    FiberBundle: 4 rotatable bonds, 28 atoms.
2026-02-23 08:04:55,181 - SAEBFlow - INFO - Loading ESM-2 Model (esm2_t33_650M_UR50D, fp32=False)...
2026-02-23 08:06:21,460 - SAEB-Flow - INFO -     Keeping Perception Models on device for stability.
2026-02-23 08:06:21,679 - SAEB-Flow - INFO -    Running 200 steps of Optimization...
2026-02-23 08:06:21,703 - SAEB-Flow - INFO -     Cropped to 682 atoms with SPE Caching.
2026-02-23 08:06:26,003 - SAEB-Flow - INFO -     [Dynamics Audit] CosSim: -0.248 | TargetNorm: 20.000
2026-02-23 08:06:26,004 - SAEB-Flow - INFO -    Step 000 | E: 1677540.25 | Alpha: 5.000 | ETA: 0.0m
2026-02-23 08:06:26,252 - SAEB-Flow - INFO -    Step 0: Loss=11936.17, E_min=33725.19, Alpha=5.000
2026-02-23 08:06:46,658 - SAEBFlow - ERROR -  [SAEB-Flow] Energy-guided interpolation failed: too many values to unpack (expected 3). Falling back to linear.
2026-02-23 08:06:48,027 - SAEBFlow - ERROR -  [SAEB-Flow] Energy-guided interpolation failed: too many values to unpack (expected 3). Falling back to linear.
2026-02-23 08:06:49,904 - SAEBFlow - ERROR -  [SAEB-Flow] Energy-guided interpolation failed: too many values to unpack (expected 3). Falling back to linear.
2026-02-23 08:06:51,013 - SAEBFlow - ERROR -  [SAEB-Flow] Energy-guided interpolation failed: too many values to unpack (expected 3). Falling back to linear.
2026-02-23 08:06:53,297 - SAEBFlow - ERROR -  [SAEB-Flow] Energy-guided interpolation failed: too many values to unpack (expected 3). Falling back to linear.
2026-02-23 08:06:54,326 - SAEBFlow - ERROR -  [SAEB-Flow] Energy-guided interpolation failed: too many values to unpack (expected 3). Falling back to linear.
2026-02-23 08:06:55,354 - SAEBFlow - ERROR -  [SAEB-Flow] Energy-guided interpolation failed: too many values to unpack (expected 3). Falling back to linear.
2026-02-23 08:06:56,807 - SAEBFlow - ERROR -  [SAEB-Flow] Energy-guided interpolation failed: too many values to unpack (expected 3). Falling back to linear.
2026-02-23 08:06:59,076 - SAEBFlow - ERROR -  [SAEB-Flow] Energy-guided interpolation failed: too many values to unpack (expected 3). Falling back to linear.
2026-02-23 08:07:00,592 - SAEBFlow - ERROR -  [SAEB-Flow] Energy-guided interpolation failed: too many values to unpack (expected 3). Falling back to linear.
2026-02-23 08:07:01,746 - SAEBFlow - ERROR -  [SAEB-Flow] Energy-guided interpolation failed: too many values to unpack (expected 3). Falling back to linear.
2026-02-23 08:07:02,730 - SAEBFlow - ERROR -  [SAEB-Flow] Energy-guided interpolation failed: too many values to unpack (expected 3). Falling back to linear.
2026-02-23 08:07:04,246 - SAEBFlow - ERROR -  [SAEB-Flow] Energy-guided interpolation failed: too many values to unpack (expected 3). Falling back to linear.
2026-02-23 08:07:06,291 - SAEBFlow - ERROR -  [SAEB-Flow] Energy-guided interpolation failed: too many values to unpack (expected 3). Falling back to linear.
2026-02-23 08:07:07,638 - SAEBFlow - ERROR -  [SAEB-Flow] Energy-guided interpolation failed: too many values to unpack (expected 3). Falling back to linear.
2026-02-23 08:07:08,911 - SAEBFlow - ERROR -  [SAEB-Flow] Energy-guided interpolation failed: too many values to unpack (expected 3). Falling back to linear.
2026-02-23 08:07:10,180 - SAEBFlow - ERROR -  [SAEB-Flow] Energy-guided interpolation failed: too many values to unpack (expected 3). Falling back to linear.
2026-02-23 08:07:11,491 - SAEBFlow - ERROR -  [SAEB-Flow] Energy-guided interpolation failed: too many values to unpack (expected 3). Falling back to linear.
2026-02-23 08:07:12,887 - SAEBFlow - ERROR -  [SAEB-Flow] Energy-guided interpolation failed: too many values to unpack (expected 3). Falling back to linear.
2026-02-23 08:07:14,139 - SAEBFlow - ERROR -  [SAEB-Flow] Energy-guided interpolation failed: too many values to unpack (expected 3). Falling back to linear.
2026-02-23 08:07:15,674 - SAEBFlow - ERROR -  [SAEB-Flow] Energy-guided interpolation failed: too many values to unpack (expected 3). Falling back to linear.
2026-02-23 08:07:18,595 - SAEBFlow - ERROR -  [SAEB-Flow] Energy-guided interpolation failed: too many values to unpack (expected 3). Falling back to linear.
2026-02-23 08:07:21,069 - SAEBFlow - ERROR -  [SAEB-Flow] Energy-guided interpolation failed: too many values to unpack (expected 3). Falling back to linear.
2026-02-23 08:07:22,250 - SAEBFlow - ERROR -  [SAEB-Flow] Energy-guided interpolation failed: too many values to unpack (expected 3). Falling back to linear.
2026-02-23 08:07:23,865 - SAEBFlow - ERROR -  [SAEB-Flow] Energy-guided interpolation failed: too many values to unpack (expected 3). Falling back to linear.
2026-02-23 08:07:25,474 - SAEBFlow - ERROR -  [SAEB-Flow] Energy-guided interpolation failed: too many values to unpack (expected 3). Falling back to linear.
2026-02-23 08:07:26,679 - SAEBFlow - ERROR -  [SAEB-Flow] Energy-guided interpolation failed: too many values to unpack (expected 3). Falling back to linear.
2026-02-23 08:07:27,801 - SAEBFlow - ERROR -  [SAEB-Flow] Energy-guided interpolation failed: too many values to unpack (expected 3). Falling back to linear.
2026-02-23 08:07:30,618 - SAEBFlow - ERROR -  [SAEB-Flow] Energy-guided interpolation failed: too many values to unpack (expected 3). Falling back to linear.
2026-02-23 08:07:31,659 - SAEBFlow - ERROR -  [SAEB-Flow] Energy-guided interpolation failed: too many values to unpack (expected 3). Falling back to linear.
2026-02-23 08:07:33,274 - SAEBFlow - ERROR -  [SAEB-Flow] Energy-guided interpolation failed: too many values to unpack (expected 3). Falling back to linear.
2026-02-23 08:07:34,961 - SAEBFlow - ERROR -  [SAEB-Flow] Energy-guided interpolation failed: too many values to unpack (expected 3). Falling back to linear.
2026-02-23 08:07:36,556 - SAEBFlow - ERROR -  [SAEB-Flow] Energy-guided interpolation failed: too many values to unpack (expected 3). Falling back to linear.
2026-02-23 08:07:37,828 - SAEBFlow - ERROR -  [SAEB-Flow] Energy-guided interpolation failed: too many values to unpack (expected 3). Falling back to linear.
2026-02-23 08:07:39,025 - SAEBFlow - ERROR -  [SAEB-Flow] Energy-guided interpolation failed: too many values to unpack (expected 3). Falling back to linear.
2026-02-23 08:07:42,887 - SAEBFlow - ERROR -  [SAEB-Flow] Energy-guided interpolation failed: too many values to unpack (expected 3). Falling back to linear.
2026-02-23 08:07:44,649 - SAEBFlow - ERROR -  [SAEB-Flow] Energy-guided interpolation failed: too many values to unpack (expected 3). Falling back to linear.
2026-02-23 08:07:45,999 - SAEBFlow - ERROR -  [SAEB-Flow] Energy-guided interpolation failed: too many values to unpack (expected 3). Falling back to linear.
2026-02-23 08:07:47,301 - SAEBFlow - ERROR -  [SAEB-Flow] Energy-guided interpolation failed: too many values to unpack (expected 3). Falling back to linear.
2026-02-23 08:07:47,895 - SAEB-Flow - INFO -     Cropped to 777 atoms with SPE Caching.
2026-02-23 08:07:50,160 - SAEBFlow - ERROR -  [SAEB-Flow] Energy-guided interpolation failed: too many values to unpack (expected 3). Falling back to linear.
2026-02-23 08:07:50,858 - SAEB-Flow - INFO -     [ERL Rollout] Consolidating Physics & Biological Magnets (M=19.30)
2026-02-23 08:07:50,859 - SAEB-Flow - INFO -     [Resurrection] Convergence detected at Step 50 (E=73577.38). Triggering Thermal Shock!
2026-02-23 08:07:50,860 - SAEB-Flow - INFO -    Step 050 | E: 3689478.75 | Alpha: 2.000 | ETA: 8.7m
2026-02-23 08:07:52,892 - SAEBFlow - ERROR -  [SAEB-Flow] Energy-guided interpolation failed: too many values to unpack (expected 3). Falling back to linear.
2026-02-23 08:07:56,436 - SAEBFlow - ERROR -  [SAEB-Flow] Energy-guided interpolation failed: too many values to unpack (expected 3). Falling back to linear.
2026-02-23 08:08:06,203 - SAEBFlow - ERROR -  [SAEB-Flow] Energy-guided interpolation failed: too many values to unpack (expected 3). Falling back to linear.
2026-02-23 08:08:16,479 - SAEBFlow - ERROR -  [SAEB-Flow] Energy-guided interpolation failed: too many values to unpack (expected 3). Falling back to linear.
2026-02-23 08:08:20,135 - SAEBFlow - ERROR -  [SAEB-Flow] Energy-guided interpolation failed: too many values to unpack (expected 3). Falling back to linear.
2026-02-23 08:08:22,867 - SAEBFlow - ERROR -  [SAEB-Flow] Energy-guided interpolation failed: too many values to unpack (expected 3). Falling back to linear.
2026-02-23 08:08:26,414 - SAEBFlow - ERROR -  [SAEB-Flow] Energy-guided interpolation failed: too many values to unpack (expected 3). Falling back to linear.
2026-02-23 08:08:27,598 - SAEBFlow - ERROR -  [SAEB-Flow] Energy-guided interpolation failed: too many values to unpack (expected 3). Falling back to linear.
2026-02-23 08:08:29,931 - SAEBFlow - ERROR -  [SAEB-Flow] Energy-guided interpolation failed: too many values to unpack (expected 3). Falling back to linear.
2026-02-23 08:08:31,523 - SAEBFlow - ERROR -  [SAEB-Flow] Energy-guided interpolation failed: too many values to unpack (expected 3). Falling back to linear.
2026-02-23 08:08:33,208 - SAEBFlow - ERROR -  [SAEB-Flow] Energy-guided interpolation failed: too many values to unpack (expected 3). Falling back to linear.
2026-02-23 08:08:34,396 - SAEBFlow - ERROR -  [SAEB-Flow] Energy-guided interpolation failed: too many values to unpack (expected 3). Falling back to linear.
2026-02-23 08:08:36,727 - SAEBFlow - ERROR -  [SAEB-Flow] Energy-guided interpolation failed: too many values to unpack (expected 3). Falling back to linear.
2026-02-23 08:08:38,330 - SAEBFlow - ERROR -  [SAEB-Flow] Energy-guided interpolation failed: too many values to unpack (expected 3). Falling back to linear.
2026-02-23 08:08:39,358 - SAEBFlow - ERROR -  [SAEB-Flow] Energy-guided interpolation failed: too many values to unpack (expected 3). Falling back to linear.
2026-02-23 08:08:40,790 - SAEBFlow - ERROR -  [SAEB-Flow] Energy-guided interpolation failed: too many values to unpack (expected 3). Falling back to linear.
2026-02-23 08:08:42,034 - SAEBFlow - ERROR -  [SAEB-Flow] Energy-guided interpolation failed: too many values to unpack (expected 3). Falling back to linear.
2026-02-23 08:08:43,342 - SAEBFlow - ERROR -  [SAEB-Flow] Energy-guided interpolation failed: too many values to unpack (expected 3). Falling back to linear.
2026-02-23 08:08:46,525 - SAEBFlow - ERROR -  [SAEB-Flow] Energy-guided interpolation failed: too many values to unpack (expected 3). Falling back to linear.
2026-02-23 08:08:50,197 - SAEBFlow - ERROR -  [SAEB-Flow] Energy-guided interpolation failed: too many values to unpack (expected 3). Falling back to linear.
2026-02-23 08:08:51,444 - SAEBFlow - ERROR -  [SAEB-Flow] Energy-guided interpolation failed: too many values to unpack (expected 3). Falling back to linear.
2026-02-23 08:08:54,288 - SAEBFlow - ERROR -  [SAEB-Flow] Energy-guided interpolation failed: too many values to unpack (expected 3). Falling back to linear.
2026-02-23 08:09:02,634 - SAEBFlow - ERROR -  [SAEB-Flow] Energy-guided interpolation failed: too many values to unpack (expected 3). Falling back to linear.
2026-02-23 08:09:04,202 - SAEBFlow - ERROR -  [SAEB-Flow] Energy-guided interpolation failed: too many values to unpack (expected 3). Falling back to linear.
2026-02-23 08:09:06,236 - SAEBFlow - ERROR -  [SAEB-Flow] Energy-guided interpolation failed: too many values to unpack (expected 3). Falling back to linear.
2026-02-23 08:09:07,487 - SAEBFlow - ERROR -  [SAEB-Flow] Energy-guided interpolation failed: too many values to unpack (expected 3). Falling back to linear.
2026-02-23 08:09:09,322 - SAEBFlow - ERROR -  [SAEB-Flow] Energy-guided interpolation failed: too many values to unpack (expected 3). Falling back to linear.
2026-02-23 08:09:13,311 - SAEBFlow - ERROR -  [SAEB-Flow] Energy-guided interpolation failed: too many values to unpack (expected 3). Falling back to linear.
2026-02-23 08:09:17,146 - SAEBFlow - ERROR -  [SAEB-Flow] Energy-guided interpolation failed: too many values to unpack (expected 3). Falling back to linear.
2026-02-23 08:09:22,600 - SAEBFlow - ERROR -  [SAEB-Flow] Energy-guided interpolation failed: too many values to unpack (expected 3). Falling back to linear.
2026-02-23 08:09:27,769 - SAEBFlow - ERROR -  [SAEB-Flow] Energy-guided interpolation failed: too many values to unpack (expected 3). Falling back to linear.
2026-02-23 08:09:32,030 - SAEBFlow - ERROR -  [SAEB-Flow] Energy-guided interpolation failed: too many values to unpack (expected 3). Falling back to linear.
2026-02-23 08:09:33,079 - SAEBFlow - ERROR -  [SAEB-Flow] Energy-guided interpolation failed: too many values to unpack (expected 3). Falling back to linear.
2026-02-23 08:09:34,008 - SAEBFlow - ERROR -  [SAEB-Flow] Energy-guided interpolation failed: too many values to unpack (expected 3). Falling back to linear.
2026-02-23 08:09:34,927 - SAEBFlow - ERROR -  [SAEB-Flow] Energy-guided interpolation failed: too many values to unpack (expected 3). Falling back to linear.
2026-02-23 08:09:35,834 - SAEBFlow - ERROR -  [SAEB-Flow] Energy-guided interpolation failed: too many values to unpack (expected 3). Falling back to linear.
2026-02-23 08:09:36,735 - SAEBFlow - ERROR -  [SAEB-Flow] Energy-guided interpolation failed: too many values to unpack (expected 3). Falling back to linear.
2026-02-23 08:09:37,724 - SAEBFlow - ERROR -  [SAEB-Flow] Energy-guided interpolation failed: too many values to unpack (expected 3). Falling back to linear.
2026-02-23 08:09:38,664 - SAEBFlow - ERROR -  [SAEB-Flow] Energy-guided interpolation failed: too many values to unpack (expected 3). Falling back to linear.
2026-02-23 08:09:39,856 - SAEBFlow - ERROR -  [SAEB-Flow] Energy-guided interpolation failed: too many values to unpack (expected 3). Falling back to linear.
2026-02-23 08:09:43,269 - SAEBFlow - ERROR -  [SAEB-Flow] Energy-guided interpolation failed: too many values to unpack (expected 3). Falling back to linear.
2026-02-23 08:09:51,114 - SAEBFlow - ERROR -  [SAEB-Flow] Energy-guided interpolation failed: too many values to unpack (expected 3). Falling back to linear.
2026-02-23 08:09:56,804 - SAEBFlow - ERROR -  [SAEB-Flow] Energy-guided interpolation failed: too many values to unpack (expected 3). Falling back to linear.
2026-02-23 08:10:02,590 - SAEBFlow - ERROR -  [SAEB-Flow] Energy-guided interpolation failed: too many values to unpack (expected 3). Falling back to linear.
2026-02-23 08:10:13,387 - SAEBFlow - ERROR -  [SAEB-Flow] Energy-guided interpolation failed: too many values to unpack (expected 3). Falling back to linear.
2026-02-23 08:10:22,075 - SAEBFlow - ERROR -  [SAEB-Flow] Energy-guided interpolation failed: too many values to unpack (expected 3). Falling back to linear.
2026-02-23 08:10:29,634 - SAEBFlow - ERROR -  [SAEB-Flow] Energy-guided interpolation failed: too many values to unpack (expected 3). Falling back to linear.
2026-02-23 08:10:34,378 - SAEBFlow - ERROR -  [SAEB-Flow] Energy-guided interpolation failed: too many values to unpack (expected 3). Falling back to linear.
2026-02-23 08:10:37,766 - SAEBFlow - ERROR -  [SAEB-Flow] Energy-guided interpolation failed: too many values to unpack (expected 3). Falling back to linear.
2026-02-23 08:10:38,957 - SAEB-Flow - INFO -     Cropped to 771 atoms with SPE Caching.
2026-02-23 08:10:40,862 - SAEBFlow - ERROR -  [SAEB-Flow] Energy-guided interpolation failed: too many values to unpack (expected 3). Falling back to linear.
2026-02-23 08:10:42,158 - SAEB-Flow - INFO -     [Dynamics Audit] CosSim: -0.604 | TargetNorm: 20.000
2026-02-23 08:10:45,740 - SAEB-Flow - INFO -     [ERL Rollout] Consolidating Physics & Biological Magnets (M=24.85)
2026-02-23 08:10:45,742 - SAEB-Flow - INFO -     [Resurrection] Convergence detected at Step 100 (E=3498669.25). Triggering Thermal Shock!
2026-02-23 08:10:45,834 - SAEB-Flow - INFO -    Step 100 | E: 176650640.00 | Alpha: 1.155 | ETA: 5.8m
2026-02-23 08:10:48,087 - SAEB-Flow - INFO -    Step 100: Loss=20548.75, E_min=3498669.25, Alpha=1.155
2026-02-23 08:10:54,934 - SAEBFlow - ERROR -  [SAEB-Flow] Energy-guided interpolation failed: too many values to unpack (expected 3). Falling back to linear.
2026-02-23 08:11:02,924 - SAEBFlow - ERROR -  [SAEB-Flow] Energy-guided interpolation failed: too many values to unpack (expected 3). Falling back to linear.
2026-02-23 08:11:08,976 - SAEBFlow - ERROR -  [SAEB-Flow] Energy-guided interpolation failed: too many values to unpack (expected 3). Falling back to linear.
2026-02-23 08:11:11,345 - SAEBFlow - ERROR -  [SAEB-Flow] Energy-guided interpolation failed: too many values to unpack (expected 3). Falling back to linear.
2026-02-23 08:11:15,512 - SAEBFlow - ERROR -  [SAEB-Flow] Energy-guided interpolation failed: too many values to unpack (expected 3). Falling back to linear.
2026-02-23 08:11:18,295 - SAEBFlow - ERROR -  [SAEB-Flow] Energy-guided interpolation failed: too many values to unpack (expected 3). Falling back to linear.
2026-02-23 08:11:22,017 - SAEBFlow - ERROR -  [SAEB-Flow] Energy-guided interpolation failed: too many values to unpack (expected 3). Falling back to linear.
2026-02-23 08:11:26,729 - SAEBFlow - ERROR -  [SAEB-Flow] Energy-guided interpolation failed: too many values to unpack (expected 3). Falling back to linear.
2026-02-23 08:11:30,304 - SAEBFlow - ERROR -  [SAEB-Flow] Energy-guided interpolation failed: too many values to unpack (expected 3). Falling back to linear.
2026-02-23 08:11:38,075 - SAEBFlow - ERROR -  [SAEB-Flow] Energy-guided interpolation failed: too many values to unpack (expected 3). Falling back to linear.
2026-02-23 08:11:44,258 - SAEBFlow - ERROR -  [SAEB-Flow] Energy-guided interpolation failed: too many values to unpack (expected 3). Falling back to linear.
2026-02-23 08:11:54,519 - SAEBFlow - ERROR -  [SAEB-Flow] Energy-guided interpolation failed: too many values to unpack (expected 3). Falling back to linear.
2026-02-23 08:12:06,223 - SAEBFlow - ERROR -  [SAEB-Flow] Energy-guided interpolation failed: too many values to unpack (expected 3). Falling back to linear.
2026-02-23 08:12:12,119 - SAEBFlow - ERROR -  [SAEB-Flow] Energy-guided interpolation failed: too many values to unpack (expected 3). Falling back to linear.
2026-02-23 08:12:16,364 - SAEBFlow - ERROR -  [SAEB-Flow] Energy-guided interpolation failed: too many values to unpack (expected 3). Falling back to linear.
2026-02-23 08:12:23,484 - SAEBFlow - ERROR -  [SAEB-Flow] Energy-guided interpolation failed: too many values to unpack (expected 3). Falling back to linear.
2026-02-23 08:12:29,084 - SAEBFlow - ERROR -  [SAEB-Flow] Energy-guided interpolation failed: too many values to unpack (expected 3). Falling back to linear.
2026-02-23 08:12:31,973 - SAEBFlow - ERROR -  [SAEB-Flow] Energy-guided interpolation failed: too many values to unpack (expected 3). Falling back to linear.
2026-02-23 08:12:35,222 - SAEBFlow - ERROR -  [SAEB-Flow] Energy-guided interpolation failed: too many values to unpack (expected 3). Falling back to linear.
2026-02-23 08:12:40,830 - SAEBFlow - ERROR -  [SAEB-Flow] Energy-guided interpolation failed: too many values to unpack (expected 3). Falling back to linear.
2026-02-23 08:12:51,390 - SAEBFlow - ERROR -  [SAEB-Flow] Energy-guided interpolation failed: too many values to unpack (expected 3). Falling back to linear.
2026-02-23 08:13:02,787 - SAEBFlow - ERROR -  [SAEB-Flow] Energy-guided interpolation failed: too many values to unpack (expected 3). Falling back to linear.
2026-02-23 08:13:12,377 - SAEBFlow - ERROR -  [SAEB-Flow] Energy-guided interpolation failed: too many values to unpack (expected 3). Falling back to linear.
2026-02-23 08:13:17,680 - SAEBFlow - ERROR -  [SAEB-Flow] Energy-guided interpolation failed: too many values to unpack (expected 3). Falling back to linear.
2026-02-23 08:13:22,461 - SAEBFlow - ERROR -  [SAEB-Flow] Energy-guided interpolation failed: too many values to unpack (expected 3). Falling back to linear.
2026-02-23 08:13:27,617 - SAEBFlow - ERROR -  [SAEB-Flow] Energy-guided interpolation failed: too many values to unpack (expected 3). Falling back to linear.
2026-02-23 08:13:28,830 - SAEB-Flow - INFO -  CPU Turbo Enabled: 16 threads utilized.
2026-02-23 08:13:28,889 - SAEB-Flow - INFO -    >>> Running 1UYD with configuration: SAEB-Flow
2026-02-23 08:13:28,916 - SAEB-Flow - INFO - Embedding Module: esm_embeddings.pt missing. Dynamic embedding mode enabled.
2026-02-23 08:13:28,930 - SAEB-Flow - INFO - Starting SAEB-Flow Production Run on 1UYD_SAEB-Flow...
2026-02-23 08:13:29,709 - SAEB-Flow - INFO -     [Data] Found dominant ligand PU8 with 28 atoms.
2026-02-23 08:13:30,350 - SAEB-Flow - INFO -     Successfully extracted ligand template (PU8).
2026-02-23 08:13:30,495 - SAEB-Flow - WARNING -     Inference/Blind Mode: Searching for Pocket via Protein Center (No Leakage)...
2026-02-23 08:13:31,206 - SAEB-Flow - INFO -    FiberBundle: 4 rotatable bonds, 28 atoms.
2026-02-23 08:13:32,105 - SAEBFlow - INFO - Loading ESM-2 Model (esm2_t33_650M_UR50D, fp32=False)...
2026-02-23 08:13:34,609 - SAEBFlow - ERROR -  [SAEB-Flow] Energy-guided interpolation failed: too many values to unpack (expected 3). Falling back to linear.
2026-02-23 08:13:39,697 - SAEBFlow - ERROR -  [SAEB-Flow] Energy-guided interpolation failed: too many values to unpack (expected 3). Falling back to linear.
2026-02-23 08:13:44,653 - SAEBFlow - ERROR -  [SAEB-Flow] Energy-guided interpolation failed: too many values to unpack (expected 3). Falling back to linear.
2026-02-23 08:13:46,954 - SAEBFlow - ERROR -  [SAEB-Flow] Energy-guided interpolation failed: too many values to unpack (expected 3). Falling back to linear.
2026-02-23 08:13:50,080 - SAEBFlow - ERROR -  [SAEB-Flow] Energy-guided interpolation failed: too many values to unpack (expected 3). Falling back to linear.
2026-02-23 08:13:52,597 - SAEBFlow - ERROR -  [SAEB-Flow] Energy-guided interpolation failed: too many values to unpack (expected 3). Falling back to linear.
2026-02-23 08:13:55,151 - SAEBFlow - ERROR -  [SAEB-Flow] Energy-guided interpolation failed: too many values to unpack (expected 3). Falling back to linear.
2026-02-23 08:13:57,257 - SAEBFlow - ERROR -  [SAEB-Flow] Energy-guided interpolation failed: too many values to unpack (expected 3). Falling back to linear.
2026-02-23 08:14:00,962 - SAEBFlow - ERROR -  [SAEB-Flow] Energy-guided interpolation failed: too many values to unpack (expected 3). Falling back to linear.
2026-02-23 08:14:03,825 - SAEBFlow - ERROR -  [SAEB-Flow] Energy-guided interpolation failed: too many values to unpack (expected 3). Falling back to linear.
2026-02-23 08:14:06,027 - SAEBFlow - ERROR -  [SAEB-Flow] Energy-guided interpolation failed: too many values to unpack (expected 3). Falling back to linear.
2026-02-23 08:14:09,222 - SAEBFlow - ERROR -  [SAEB-Flow] Energy-guided interpolation failed: too many values to unpack (expected 3). Falling back to linear.
2026-02-23 08:14:10,931 - SAEBFlow - ERROR -  [SAEB-Flow] Energy-guided interpolation failed: too many values to unpack (expected 3). Falling back to linear.
2026-02-23 08:14:13,165 - SAEBFlow - ERROR -  [SAEB-Flow] Energy-guided interpolation failed: too many values to unpack (expected 3). Falling back to linear.
2026-02-23 08:14:14,540 - SAEBFlow - ERROR -  [SAEB-Flow] Energy-guided interpolation failed: too many values to unpack (expected 3). Falling back to linear.
2026-02-23 08:14:15,704 - SAEBFlow - ERROR -  [SAEB-Flow] Energy-guided interpolation failed: too many values to unpack (expected 3). Falling back to linear.
2026-02-23 08:14:23,971 - SAEBFlow - ERROR -  [SAEB-Flow] Energy-guided interpolation failed: too many values to unpack (expected 3). Falling back to linear.
2026-02-23 08:14:37,570 - SAEBFlow - ERROR -  [SAEB-Flow] Energy-guided interpolation failed: too many values to unpack (expected 3). Falling back to linear.
2026-02-23 08:14:44,627 - SAEBFlow - ERROR -  [SAEB-Flow] Energy-guided interpolation failed: too many values to unpack (expected 3). Falling back to linear.
2026-02-23 08:14:54,197 - SAEBFlow - ERROR -  [SAEB-Flow] Energy-guided interpolation failed: too many values to unpack (expected 3). Falling back to linear.
2026-02-23 08:15:03,218 - SAEBFlow - ERROR -  [SAEB-Flow] Energy-guided interpolation failed: too many values to unpack (expected 3). Falling back to linear.
2026-02-23 08:15:09,197 - SAEBFlow - ERROR -  [SAEB-Flow] Energy-guided interpolation failed: too many values to unpack (expected 3). Falling back to linear.
2026-02-23 08:15:13,091 - SAEBFlow - ERROR -  [SAEB-Flow] Energy-guided interpolation failed: too many values to unpack (expected 3). Falling back to linear.
2026-02-23 08:15:16,563 - SAEB-Flow - INFO -     Cropped to 779 atoms with SPE Caching.
2026-02-23 08:15:22,847 - SAEBFlow - ERROR -  [SAEB-Flow] Energy-guided interpolation failed: too many values to unpack (expected 3). Falling back to linear.
2026-02-23 08:15:27,256 - SAEB-Flow - INFO -     [ERL Rollout] Consolidating Physics & Biological Magnets (M=39.25)
2026-02-23 08:15:27,258 - SAEB-Flow - INFO -     [Resurrection] Convergence detected at Step 150 (E=15103724.00). Triggering Thermal Shock!
2026-02-23 08:15:27,269 - SAEB-Flow - INFO -    Step 150 | E: 762703360.00 | Alpha: 0.072 | ETA: 3.5m
2026-02-23 08:15:33,633 - SAEBFlow - ERROR -  [SAEB-Flow] Energy-guided interpolation failed: too many values to unpack (expected 3). Falling back to linear.
2026-02-23 08:15:38,166 - SAEBFlow - ERROR -  [SAEB-Flow] Energy-guided interpolation failed: too many values to unpack (expected 3). Falling back to linear.
2026-02-23 08:15:44,639 - SAEBFlow - ERROR -  [SAEB-Flow] Energy-guided interpolation failed: too many values to unpack (expected 3). Falling back to linear.
2026-02-23 08:15:53,793 - SAEBFlow - ERROR -  [SAEB-Flow] Energy-guided interpolation failed: too many values to unpack (expected 3). Falling back to linear.
2026-02-23 08:15:57,368 - SAEBFlow - ERROR -  [SAEB-Flow] Energy-guided interpolation failed: too many values to unpack (expected 3). Falling back to linear.
2026-02-23 08:16:03,013 - SAEBFlow - ERROR -  [SAEB-Flow] Energy-guided interpolation failed: too many values to unpack (expected 3). Falling back to linear.
2026-02-23 08:16:10,463 - SAEBFlow - ERROR -  [SAEB-Flow] Energy-guided interpolation failed: too many values to unpack (expected 3). Falling back to linear.
2026-02-23 08:16:16,594 - SAEBFlow - ERROR -  [SAEB-Flow] Energy-guided interpolation failed: too many values to unpack (expected 3). Falling back to linear.
2026-02-23 08:16:27,705 - SAEBFlow - ERROR -  [SAEB-Flow] Energy-guided interpolation failed: too many values to unpack (expected 3). Falling back to linear.
2026-02-23 08:16:28,913 - SAEB-Flow - INFO -     Keeping Perception Models on device for stability.
2026-02-23 08:16:29,565 - SAEB-Flow - INFO -    Running 200 steps of Optimization...
2026-02-23 08:16:29,581 - SAEB-Flow - INFO -     Cropped to 682 atoms with SPE Caching.
2026-02-23 08:16:33,325 - SAEBFlow - ERROR -  [SAEB-Flow] Energy-guided interpolation failed: too many values to unpack (expected 3). Falling back to linear.
2026-02-23 08:16:40,716 - SAEBFlow - ERROR -  [SAEB-Flow] Energy-guided interpolation failed: too many values to unpack (expected 3). Falling back to linear.
2026-02-23 08:16:46,419 - SAEB-Flow - INFO -     [Dynamics Audit] CosSim: -0.248 | TargetNorm: 20.000
2026-02-23 08:16:46,423 - SAEB-Flow - INFO -    Step 000 | E: 1677540.25 | Alpha: 5.000 | ETA: 0.0m
2026-02-23 08:16:47,369 - SAEB-Flow - INFO -    Step 0: Loss=11936.17, E_min=33725.19, Alpha=5.000
2026-02-23 08:16:48,037 - SAEBFlow - ERROR -  [SAEB-Flow] Energy-guided interpolation failed: too many values to unpack (expected 3). Falling back to linear.
2026-02-23 08:16:55,196 - SAEBFlow - ERROR -  [SAEB-Flow] Energy-guided interpolation failed: too many values to unpack (expected 3). Falling back to linear.
2026-02-23 08:17:01,017 - SAEBFlow - ERROR -  [SAEB-Flow] Energy-guided interpolation failed: too many values to unpack (expected 3). Falling back to linear.
2026-02-23 08:17:04,228 - SAEBFlow - ERROR -  [SAEB-Flow] Energy-guided interpolation failed: too many values to unpack (expected 3). Falling back to linear.
2026-02-23 08:17:09,493 - SAEBFlow - ERROR -  [SAEB-Flow] Energy-guided interpolation failed: too many values to unpack (expected 3). Falling back to linear.
2026-02-23 08:17:20,035 - SAEBFlow - ERROR -  [SAEB-Flow] Energy-guided interpolation failed: too many values to unpack (expected 3). Falling back to linear.
2026-02-23 08:17:27,227 - SAEBFlow - ERROR -  [SAEB-Flow] Energy-guided interpolation failed: too many values to unpack (expected 3). Falling back to linear.
2026-02-23 08:17:34,145 - SAEBFlow - ERROR -  [SAEB-Flow] Energy-guided interpolation failed: too many values to unpack (expected 3). Falling back to linear.
2026-02-23 08:17:42,320 - SAEBFlow - ERROR -  [SAEB-Flow] Energy-guided interpolation failed: too many values to unpack (expected 3). Falling back to linear.
2026-02-23 08:17:53,631 - SAEBFlow - ERROR -  [SAEB-Flow] Energy-guided interpolation failed: too many values to unpack (expected 3). Falling back to linear.
2026-02-23 08:18:05,558 - SAEBFlow - ERROR -  [SAEB-Flow] Energy-guided interpolation failed: too many values to unpack (expected 3). Falling back to linear.
2026-02-23 08:18:17,500 - SAEBFlow - ERROR -  [SAEB-Flow] Energy-guided interpolation failed: too many values to unpack (expected 3). Falling back to linear.
2026-02-23 08:18:30,919 - SAEBFlow - ERROR -  [SAEB-Flow] Energy-guided interpolation failed: too many values to unpack (expected 3). Falling back to linear.
2026-02-23 08:18:40,303 - SAEBFlow - ERROR -  [SAEB-Flow] Energy-guided interpolation failed: too many values to unpack (expected 3). Falling back to linear.
2026-02-23 08:18:52,815 - SAEBFlow - ERROR -  [SAEB-Flow] Energy-guided interpolation failed: too many values to unpack (expected 3). Falling back to linear.
2026-02-23 08:19:01,953 - SAEBFlow - ERROR -  [SAEB-Flow] Energy-guided interpolation failed: too many values to unpack (expected 3). Falling back to linear.
2026-02-23 08:19:07,869 - SAEBFlow - ERROR -  [SAEB-Flow] Energy-guided interpolation failed: too many values to unpack (expected 3). Falling back to linear.
2026-02-23 08:19:14,219 - SAEBFlow - ERROR -  [SAEB-Flow] Energy-guided interpolation failed: too many values to unpack (expected 3). Falling back to linear.
2026-02-23 08:19:23,555 - SAEBFlow - ERROR -  [SAEB-Flow] Energy-guided interpolation failed: too many values to unpack (expected 3). Falling back to linear.
2026-02-23 08:19:32,264 - SAEBFlow - ERROR -  [SAEB-Flow] Energy-guided interpolation failed: too many values to unpack (expected 3). Falling back to linear.
2026-02-23 08:19:42,576 - SAEBFlow - ERROR -  [SAEB-Flow] Energy-guided interpolation failed: too many values to unpack (expected 3). Falling back to linear.
2026-02-23 08:19:56,189 - SAEBFlow - ERROR -  [SAEB-Flow] Energy-guided interpolation failed: too many values to unpack (expected 3). Falling back to linear.
2026-02-23 08:20:03,058 - SAEBFlow - ERROR -  [SAEB-Flow] Energy-guided interpolation failed: too many values to unpack (expected 3). Falling back to linear.
2026-02-23 08:20:11,456 - SAEBFlow - ERROR -  [SAEB-Flow] Energy-guided interpolation failed: too many values to unpack (expected 3). Falling back to linear.
2026-02-23 08:20:21,746 - SAEBFlow - ERROR -  [SAEB-Flow] Energy-guided interpolation failed: too many values to unpack (expected 3). Falling back to linear.
2026-02-23 08:20:28,119 - SAEBFlow - ERROR -  [SAEB-Flow] Energy-guided interpolation failed: too many values to unpack (expected 3). Falling back to linear.
2026-02-23 08:20:35,691 - SAEBFlow - ERROR -  [SAEB-Flow] Energy-guided interpolation failed: too many values to unpack (expected 3). Falling back to linear.
2026-02-23 08:20:42,372 - SAEBFlow - ERROR -  [SAEB-Flow] Energy-guided interpolation failed: too many values to unpack (expected 3). Falling back to linear.
2026-02-23 08:21:37,740 - SAEB-Flow - INFO -     [PyMOL] Generating 3D overlay script: view_1UYD_SAEB-Flow.pml
2026-02-23 08:21:50,236 - SAEB-Flow - INFO -      [PoseBusters Audit] Atomic Clashes (<0.8A): 0, Bond Violations: 28
2026-02-23 08:21:55,307 - SAEB-Flow - INFO -  Optimization Finished. Best RMSD: 13.25 A, Pot: 39252180.00, Int-RMSD: 14.85, Steps@-7: 200
2026-02-23 08:21:55,308 - SAEB-Flow - INFO -    Initiating L-BFGS Gradient Refinement (Steps: 500)...
2026-02-23 08:22:39,019 - SAEB-Flow - INFO -     Cropped to 777 atoms with SPE Caching.
2026-02-23 08:23:01,198 - SAEB-Flow - INFO -     [ERL Rollout] Consolidating Physics & Biological Magnets (M=19.30)
2026-02-23 08:23:01,202 - SAEB-Flow - INFO -     [Resurrection] Convergence detected at Step 50 (E=73577.38). Triggering Thermal Shock!
2026-02-23 08:23:01,206 - SAEB-Flow - INFO -    Step 050 | E: 3689478.75 | Alpha: 2.000 | ETA: 28.1m
2026-02-23 08:23:14,117 - SAEB-Flow - INFO -    [L-BFGS] Convergence Reached. Final System Energy: 500.00
2026-02-23 08:23:14,149 - SAEB-Flow - INFO - [Experiment Final Result] MCMC Refined RMSD: 13.26 A, Energy: 500.00
2026-02-23 08:23:52,778 - SAEB-Flow - INFO -    [Visualization] Flow Field regenerated as PCA projection: flow_1UYD_SAEB-Flow_Muon.pdf
2026-02-23 08:25:56,107 - SAEB-Flow - INFO -     Cropped to 771 atoms with SPE Caching.
2026-02-23 08:25:59,294 - SAEB-Flow - INFO -     [Dynamics Audit] CosSim: -0.604 | TargetNorm: 20.000
2026-02-23 08:26:00,643 - SAEB-Flow - INFO -     [ERL Rollout] Consolidating Physics & Biological Magnets (M=24.85)
2026-02-23 08:26:00,643 - SAEB-Flow - INFO -     [Resurrection] Convergence detected at Step 100 (E=3498669.25). Triggering Thermal Shock!
2026-02-23 08:26:00,645 - SAEB-Flow - INFO -    Step 100 | E: 176650640.00 | Alpha: 1.155 | ETA: 12.4m
2026-02-23 08:26:01,068 - SAEB-Flow - INFO -    Step 100: Loss=20548.75, E_min=3498669.25, Alpha=1.155
2026-02-23 08:27:36,642 - SAEB-Flow - INFO -     Cropped to 779 atoms with SPE Caching.
2026-02-23 08:27:39,034 - SAEB-Flow - INFO -     [ERL Rollout] Consolidating Physics & Biological Magnets (M=39.25)
2026-02-23 08:27:39,034 - SAEB-Flow - INFO -     [Resurrection] Convergence detected at Step 150 (E=15103724.00). Triggering Thermal Shock!
2026-02-23 08:27:39,036 - SAEB-Flow - INFO -    Step 150 | E: 762703360.00 | Alpha: 0.072 | ETA: 4.7m
2026-02-23 08:29:02,168 - SAEB-Flow - INFO -     [PyMOL] Generating 3D overlay script: view_1UYD_SAEB-Flow.pml
2026-02-23 08:29:02,978 - SAEB-Flow - INFO -      [PoseBusters Audit] Atomic Clashes (<0.8A): 0, Bond Violations: 28
2026-02-23 08:29:03,993 - SAEB-Flow - INFO -  Optimization Finished. Best RMSD: 13.25 A, Pot: 39252180.00, Int-RMSD: 14.85, Steps@-7: 200
2026-02-23 08:29:03,994 - SAEB-Flow - INFO -    Initiating L-BFGS Gradient Refinement (Steps: 500)...
2026-02-23 08:29:15,858 - SAEB-Flow - INFO -    [L-BFGS] Convergence Reached. Final System Energy: 500.00
2026-02-23 08:29:15,865 - SAEB-Flow - INFO - [Experiment Final Result] MCMC Refined RMSD: 13.26 A, Energy: 500.00
2026-02-23 08:29:22,480 - SAEB-Flow - INFO -    [Visualization] Flow Field regenerated as PCA projection: flow_1UYD_SAEB-Flow_Muon.pdf
