2026-02-22 19:34:08,380 - MaxFlowv75 - INFO -  CPU Turbo Enabled: 16 threads utilized.
2026-02-22 19:34:32,792 - MaxFlowv75 - INFO -  CPU Turbo Enabled: 16 threads utilized.
2026-02-22 19:34:32,889 - MaxFlowv75 - INFO -    >>> Running 1UYD with configuration: MaxFlow-v97.1
2026-02-22 19:34:32,890 - MaxFlowv75 - INFO -  [MaxFlow] Embedding Module: esm_embeddings.pt missing. Dynamic embedding mode enabled.
2026-02-22 19:34:32,919 - MaxFlowv75 - INFO - Starting Experiment v97.3 (Hyper-Hardened) on 1UYD_MaxFlow-v97.1...
2026-02-22 19:34:32,921 - MaxFlowv75 - INFO -  [v46.0] 1UYD NOT FOUND locally. Attempting RCSB download...
2026-02-22 19:34:33,647 - MaxFlowv75 - INFO -     [Data] Found dominant ligand PU8 with 28 atoms.
2026-02-22 19:34:33,753 - MaxFlowv75 - INFO -     [v97.5] Successfully extracted ligand template (PU8).
2026-02-22 19:34:33,787 - MaxFlowv75 - INFO -     [v87.1] Redocking Train Mode: Using Ground Truth Pocket Center.
2026-02-22 19:34:33,915 - MaxFlowv75 - INFO -    [SAEB-Flow] FiberBundle: 4 rotatable bonds, 28 atoms.
2026-02-22 19:34:33,921 - MaxFlowv75 - INFO -    [Redocking] Pocket-Aware Mode active. Centering on ground truth.
2026-02-22 19:34:33,998 - MaxFlowv75 - INFO -    [Multiverse] Applying Random 3D Rotations to clones to explore orientation space.
2026-02-22 19:34:34,002 - MaxFlowv75 - INFO - [PLaTITO] Zenith: Loading ESM-2 Model (esm2_t33_650M_UR50D, fp32=False)...
2026-02-22 19:34:52,043 - MaxFlowv75 - INFO -     Inference Mode: Freezing Model Weights & Enabling ProSeCo.
2026-02-22 19:35:00,519 - MaxFlowv75 - INFO -     [v85.3 VRAM Hub] Keeping Perception Models on device for stability.
2026-02-22 19:35:00,680 - MaxFlowv75 - INFO -    Running 300 steps of Optimization...
2026-02-22 19:35:00,696 - MaxFlowv75 - INFO -     [v85.0 Performance] Cropped to 585 atoms with SPE Caching.
2026-02-22 19:35:02,887 - MaxFlowv75 - INFO -     [Dynamics Audit] CosSim: -0.325 | TargetNorm: 0.863
2026-02-22 19:35:02,888 - MaxFlowv75 - INFO -    Step 000 | E: 165.20 | Alpha: 5.000 | ETA: 0.0m
2026-02-22 19:35:02,964 - MaxFlowv75 - INFO -    Step 0: Loss=163.16, E_min=135.42, Alpha=5.000
2026-02-22 19:35:31,858 - MaxFlowv75 - INFO -     [v85.0 Performance] Cropped to 699 atoms with SPE Caching.
2026-02-22 19:35:32,460 - MaxFlowv75 - INFO -     [ERL Rollout] Consolidating Physics & Biological Magnets (M=23.62)
2026-02-22 19:35:32,461 - MaxFlowv75 - INFO -    Step 050 | E: 219.10 | Alpha: 2.000 | ETA: 4.9m
2026-02-22 19:36:00,493 - MaxFlowv75 - INFO -     [v85.0 Performance] Cropped to 698 atoms with SPE Caching.
2026-02-22 19:36:00,919 - MaxFlowv75 - INFO -     [Dynamics Audit] CosSim: -0.153 | TargetNorm: 2.257
2026-02-22 19:36:01,102 - MaxFlowv75 - INFO -     [ERL Rollout] Consolidating Physics & Biological Magnets (M=23.89)
2026-02-22 19:36:01,103 - MaxFlowv75 - INFO -    Step 100 | E: 182.16 | Alpha: 1.870 | ETA: 2.9m
2026-02-22 19:36:01,175 - MaxFlowv75 - INFO -    Step 100: Loss=155.64, E_min=123.67, Alpha=1.870
2026-02-22 19:36:32,245 - MaxFlowv75 - INFO -     [v85.0 Performance] Cropped to 698 atoms with SPE Caching.
2026-02-22 19:36:32,849 - MaxFlowv75 - INFO -     [ERL Rollout] Consolidating Physics & Biological Magnets (M=24.96)
2026-02-22 19:36:32,850 - MaxFlowv75 - INFO -    Step 150 | E: 194.80 | Alpha: 1.148 | ETA: 2.0m
2026-02-22 19:37:01,004 - MaxFlowv75 - INFO -     [v85.0 Performance] Cropped to 723 atoms with SPE Caching.
2026-02-22 19:37:02,351 - MaxFlowv75 - INFO -     [Dynamics Audit] CosSim: -0.083 | TargetNorm: 4.681
2026-02-22 19:37:02,547 - MaxFlowv75 - INFO -     [ERL Rollout] Consolidating Physics & Biological Magnets (M=25.61)
2026-02-22 19:37:02,549 - MaxFlowv75 - INFO -    Step 200 | E: 309.82 | Alpha: 0.426 | ETA: 1.2m
2026-02-22 19:37:02,620 - MaxFlowv75 - INFO -    Step 200: Loss=256.08, E_min=183.27, Alpha=0.426
2026-02-22 19:37:30,120 - MaxFlowv75 - INFO -     [v85.0 Performance] Cropped to 763 atoms with SPE Caching.
2026-02-22 19:37:30,724 - MaxFlowv75 - INFO -     [ERL Rollout] Consolidating Physics & Biological Magnets (M=40.19)
2026-02-22 19:37:30,726 - MaxFlowv75 - INFO -    Step 250 | E: 1225.71 | Alpha: 0.050 | ETA: 0.6m
2026-02-22 19:38:00,379 - MaxFlowv75 - INFO -     [PyMOL] Generating 3D overlay script: view_1UYD_MaxFlow-v97.1.pml
2026-02-22 19:38:01,101 - MaxFlowv75 - INFO -      [PoseBusters Audit] Atomic Clashes (<0.8A): 1, Bond Violations: 0
2026-02-22 19:38:01,865 - MaxFlowv75 - INFO -  Optimization Finished. Best RMSD: 3.22 A, Pot: 1670.01, Int-RMSD: 3.48, Steps@-7: 300
2026-02-22 19:38:01,866 - MaxFlowv75 - INFO -    [v93.0] Initiating L-BFGS Gradient Refinement (Steps: 500)...
2026-02-22 19:38:27,732 - MaxFlowv75 - INFO -    [L-BFGS] Convergence Reached. Final System Energy: -6.82
2026-02-22 19:38:27,735 - MaxFlowv75 - INFO - [Experiment Final Result] MCMC Refined RMSD: 0.61 A, Energy: -6.82
